WARNING: clusterbot not installed. Can't notify slack.
2021-08-12 07:41:05  Turning off  compiler optimizations for fast compilation
                     Suppressing compiler warnings
                     Running with the following prefs combinations:

                     1 run with default preferences
                     

Running tests in /home/denis/tubcloud/home/projects/brian2cuda/brian2cuda_repository/frozen_repos/brian2/brian2, /home/denis/tubcloud/home/projects/brian2cuda/brian2cuda_repository/brian2cuda/tests  (including long tests)
Running Brian version 2.2.2.1+git from '/home/denis/tubcloud/home/projects/brian2cuda/brian2cuda_repository/frozen_repos/brian2/brian2'
Testing standalone

Testing standalone device "cuda_standalone"
Running standalone-compatible standard tests (single run statement)
============================= test session starts ==============================
platform linux2 -- Python 2.7.18, pytest-4.6.4, py-1.10.0, pluggy-0.12.0 -- /home/denis/.conda/envs/b2c/bin/python
cachedir: .pytest_cache
rootdir: /home/denis/tubcloud/home/projects/brian2cuda/brian2cuda_repository, inifile: /home/denis/tubcloud/home/projects/brian2cuda/brian2cuda_repository/frozen_repos/brian2/brian2/tests/pytest.ini
collecting ... collected 698 items / 698 deselected

=============================== warnings summary ===============================
/home/denis/.conda/envs/b2c/lib/python2.7/site-packages/_pytest/mark/structures.py:334
  /home/denis/.conda/envs/b2c/lib/python2.7/site-packages/_pytest/mark/structures.py:334: PytestUnknownMarkWarning: Unknown pytest.mark.cuda_standalone - is this a typo?  You can register custom marks to avoid this warning - for details, see https://docs.pytest.org/en/latest/mark.html
    PytestUnknownMarkWarning,

-- Docs: https://docs.pytest.org/en/latest/warnings.html
================== 698 deselected, 1 warnings in 2.24 seconds ==================
Running standalone-compatible standard tests (multiple run statements)
============================= test session starts ==============================
platform linux2 -- Python 2.7.18, pytest-4.6.4, py-1.10.0, pluggy-0.12.0 -- /home/denis/.conda/envs/b2c/bin/python
cachedir: .pytest_cache
rootdir: /home/denis/tubcloud/home/projects/brian2cuda/brian2cuda_repository, inifile: /home/denis/tubcloud/home/projects/brian2cuda/brian2cuda_repository/frozen_repos/brian2/brian2/tests/pytest.ini
collecting ... collected 698 items / 698 deselected

======================== 698 deselected in 2.16 seconds ========================
Running standalone-specific tests
============================= test session starts ==============================
platform linux2 -- Python 2.7.18, pytest-4.6.4, py-1.10.0, pluggy-0.12.0 -- /home/denis/.conda/envs/b2c/bin/python
cachedir: .pytest_cache
rootdir: /home/denis/tubcloud/home/projects/brian2cuda/brian2cuda_repository, inifile: /home/denis/tubcloud/home/projects/brian2cuda/brian2cuda_repository/frozen_repos/brian2/brian2/tests/pytest.ini
collecting ... collected 698 items / 692 deselected / 6 selected

../../tests/test_gpu_detection.py::test_wrong_cuda_path_error PASSED     [ 16%]
../../tests/test_gpu_detection.py::test_manual_setting_compute_capability PASSED [ 33%]
../../tests/test_gpu_detection.py::test_unsupported_compute_capability_error PASSED [ 50%]
../../tests/test_gpu_detection.py::test_warning_compute_capability_set_twice PASSED [ 66%]
../../tests/test_gpu_detection.py::test_no_gpu_detection_preference_error None
FAILED [ 83%]
../../tests/test_gpu_detection.py::test_no_gpu_detection_preference PASSED [100%]

=================================== FAILURES ===================================
____________________ test_no_gpu_detection_preference_error ____________________

    @pytest.mark.cuda_standalone
    @pytest.mark.standalone_only
    def test_no_gpu_detection_preference_error():
        set_device("cuda_standalone", directory=None)
        prefs.devices.cuda_standalone.cuda_backend.detect_gpus = False
        # needs setting gpu_id and compute_capability as well
        for pref_name in prefs:
            if "devices.cuda_standalone" in pref_name:
                print("\t{} = {}".format(pref_name,prefs[pref_name]))
        with pytest.raises(PreferenceError):
>           run(0*ms)
E           Failed: DID NOT RAISE <class 'brian2.core.preferences.PreferenceError'>

../../tests/test_gpu_detection.py:88: Failed
----------------------------- Captured stdout call -----------------------------
	devices.cuda_standalone.launch_bounds = False
	devices.cuda_standalone.no_pre_references = False
	devices.cuda_standalone.calc_occupancy = True
	devices.cuda_standalone.default_functions_integral_convertion = <type 'numpy.float64'>
	devices.cuda_standalone.use_atomics = True
	devices.cuda_standalone.random_number_generator_type = CURAND_RNG_PSEUDO_DEFAULT
	devices.cuda_standalone.SM_multiplier = 1
	devices.cuda_standalone.syn_launch_bounds = False
	devices.cuda_standalone.random_number_generator_ordering = False
	devices.cuda_standalone.parallel_blocks = None
	devices.cuda_standalone.no_post_references = False
	devices.cuda_standalone.cuda_backend.detect_gpus = False
	devices.cuda_standalone.cuda_backend.compute_capability = None
	devices.cuda_standalone.push_synapse_bundles = True
	devices.cuda_standalone.cuda_backend.extra_compile_args_nvcc = ['-w', '-use_fast_math', '-Xcudafe "--diag_suppress=declared_but_not_referenced"']
	devices.cuda_standalone.cuda_backend.cuda_path = None
	devices.cuda_standalone.cuda_backend.gpu_heap_size = 128
	devices.cuda_standalone.cuda_backend.gpu_id = None
	devices.cuda_standalone.extra_threshold_kernel = True
INFO: setting cudaDevice stuff took 0.278754 seconds
objects cu num par blocks 3
INFO: _init_arrays() took 0.108319s
INFO: main_lines took 0.000034 seconds
INFO: main function took 0.387280 seconds
INFO _last_run_time = 9.88131291682e-324 s
============= 1 failed, 5 passed, 692 deselected in 39.99 seconds ==============
ERROR: 3/3 test suite(s) did not complete successfully (see above).
2021-08-12 07:41:50  
TARGET: CUDA_STANDALONE
2021-08-12 07:41:50  
FINISHED ALL RUNS

                     1/1 CONFIGURATIONS FAILED:
                     	1. run
                     		default preferences
Test suite took 0 h 0 m 46 s.
