Running tests in /home/denis/tubcloud/home/projects/brian2cuda/brian2cuda_repository/frozen_repos/brian2/brian2, /home/denis/tubcloud/home/projects/brian2cuda/brian2cuda_repository/brian2cuda  (including long tests)
Testing standalone 

Testing standalone device "cuda_standalone"
Running standalone-compatible standard tests (single run statement)
WARNING    Integrating equations with GSL is still considered experimental [brian2.stateupdaters.GSL]
SSSSSSSSS.SSSSSSS....FN.........F.............................F....N......................F.F..........E.............................EEEE.........N.EE.........NNNNN...N.NEENNNNN........F...
======================================================================
ERROR: brian2.tests.test_subgroup.test_subgroup_summed_variable
----------------------------------------------------------------------
Traceback (most recent call last):
  File "/home/denis/.conda/envs/b2c/lib/python2.7/site-packages/nose/case.py", line 197, in runTest
    self.test(*self.arg)
  File "/home/denis/tubcloud/home/projects/brian2cuda/brian2cuda_repository/frozen_repos/brian2/brian2/tests/test_subgroup.py", line 487, in test_subgroup_summed_variable
    run(2 * defaultclock.dt)
  File "/home/denis/tubcloud/home/projects/brian2cuda/brian2cuda_repository/frozen_repos/brian2/brian2/units/fundamentalunits.py", line 2375, in new_f
    result = f(*args, **kwds)
  File "/home/denis/tubcloud/home/projects/brian2cuda/brian2cuda_repository/frozen_repos/brian2/brian2/core/magic.py", line 371, in run
    namespace=namespace, profile=profile, level=2+level)
  File "/home/denis/tubcloud/home/projects/brian2cuda/brian2cuda_repository/frozen_repos/brian2/brian2/core/magic.py", line 231, in run
    namespace=namespace, profile=profile, level=level+1)
  File "/home/denis/tubcloud/home/projects/brian2cuda/brian2cuda_repository/frozen_repos/brian2/brian2/core/base.py", line 274, in device_override_decorated_function
    return getattr(curdev, name)(*args, **kwds)
  File "/home/denis/tubcloud/home/projects/brian2cuda/brian2cuda_repository/brian2cuda/device.py", line 1049, in network_run
    net.before_run(namespace)
  File "/home/denis/tubcloud/home/projects/brian2cuda/brian2cuda_repository/frozen_repos/brian2/brian2/core/base.py", line 276, in device_override_decorated_function
    return func(*args, **kwds)
  File "/home/denis/tubcloud/home/projects/brian2cuda/brian2cuda_repository/frozen_repos/brian2/brian2/core/network.py", line 843, in before_run
    raise brian_object_exception("An error occurred when preparing an object.", obj, ex)
BrianObjectException: Original error and traceback:
Traceback (most recent call last):
  File "/home/denis/tubcloud/home/projects/brian2cuda/brian2cuda_repository/frozen_repos/brian2/brian2/core/network.py", line 841, in before_run
    obj.before_run(run_namespace)
  File "/home/denis/tubcloud/home/projects/brian2cuda/brian2cuda_repository/frozen_repos/brian2/brian2/groups/group.py", line 1128, in before_run
    codeobj_class=self.codeobj_class
  File "/home/denis/tubcloud/home/projects/brian2cuda/brian2cuda_repository/frozen_repos/brian2/brian2/codegen/codeobject.py", line 310, in create_runner_codeobj
    override_conditional_write=override_conditional_write,
  File "/home/denis/tubcloud/home/projects/brian2cuda/brian2cuda_repository/brian2cuda/device.py", line 378, in code_object
    override_conditional_write=override_conditional_write,
  File "/home/denis/tubcloud/home/projects/brian2cuda/brian2cuda_repository/frozen_repos/brian2/brian2/devices/cpp_standalone/device.py", line 565, in code_object
    override_conditional_write=override_conditional_write,
  File "/home/denis/tubcloud/home/projects/brian2cuda/brian2cuda_repository/frozen_repos/brian2/brian2/devices/device.py", line 329, in code_object
    **template_kwds)
  File "/home/denis/tubcloud/home/projects/brian2cuda/brian2cuda_repository/frozen_repos/brian2/brian2/codegen/templates.py", line 205, in __call__
    return MultiTemplate(module)
  File "/home/denis/tubcloud/home/projects/brian2cuda/brian2cuda_repository/frozen_repos/brian2/brian2/codegen/templates.py", line 221, in __init__
    s = autoindent_postfilter(str(f()))
  File "/home/denis/.conda/envs/b2c/lib/python2.7/site-packages/jinja2/runtime.py", line 575, in __call__
    return self._invoke(arguments, autoescape)
  File "/home/denis/.conda/envs/b2c/lib/python2.7/site-packages/jinja2/runtime.py", line 579, in _invoke
    rv = self._func(*arguments)
  File "/home/denis/tubcloud/home/projects/brian2cuda/brian2cuda_repository/brian2cuda/templates/common_group.cu", line 54, in macro
  File "/home/denis/tubcloud/home/projects/brian2cuda/brian2cuda_repository/brian2cuda/templates/common_group.cu", line 290, in block_define_N
  File "/home/denis/.conda/envs/b2c/lib/python2.7/site-packages/jinja2/runtime.py", line 262, in call
    return __obj(*args, **kwargs)
  File "/home/denis/tubcloud/home/projects/brian2cuda/brian2cuda_repository/frozen_repos/brian2/brian2/codegen/codeobject.py", line 35, in constant_or_scalar
    if variable.array:
  File "/home/denis/.conda/envs/b2c/lib/python2.7/site-packages/jinja2/runtime.py", line 641, in __getattr__
    return self._fail_with_undefined_error()
  File "/home/denis/.conda/envs/b2c/lib/python2.7/site-packages/jinja2/runtime.py", line 635, in _fail_with_undefined_error
    raise self._undefined_exception(hint)
UndefinedError: 'dict object' has no attribute 'N'

Error encountered with object named "synapses_1_summed_variable_Iin_post".
Object was created here (most recent call only, full details in debug log):
  File "/home/denis/.conda/envs/b2c/lib/python2.7/site-packages/nose/case.py", line 197, in runTest
    self.test(*self.arg)

An error occurred when preparing an object. UndefinedError: 'dict object' has no attribute 'N'
(See above for original error message and traceback.)

======================================================================
ERROR: brian2.tests.test_synapses.test_summed_variable
----------------------------------------------------------------------
Traceback (most recent call last):
  File "/home/denis/.conda/envs/b2c/lib/python2.7/site-packages/nose/case.py", line 197, in runTest
    self.test(*self.arg)
  File "/home/denis/tubcloud/home/projects/brian2cuda/brian2cuda_repository/frozen_repos/brian2/brian2/tests/test_synapses.py", line 1155, in test_summed_variable
    net.run(1*ms)
  File "/home/denis/tubcloud/home/projects/brian2cuda/brian2cuda_repository/frozen_repos/brian2/brian2/core/base.py", line 274, in device_override_decorated_function
    return getattr(curdev, name)(*args, **kwds)
  File "/home/denis/tubcloud/home/projects/brian2cuda/brian2cuda_repository/brian2cuda/device.py", line 1049, in network_run
    net.before_run(namespace)
  File "/home/denis/tubcloud/home/projects/brian2cuda/brian2cuda_repository/frozen_repos/brian2/brian2/core/base.py", line 276, in device_override_decorated_function
    return func(*args, **kwds)
  File "/home/denis/tubcloud/home/projects/brian2cuda/brian2cuda_repository/frozen_repos/brian2/brian2/core/network.py", line 843, in before_run
    raise brian_object_exception("An error occurred when preparing an object.", obj, ex)
BrianObjectException: Original error and traceback:
Traceback (most recent call last):
  File "/home/denis/tubcloud/home/projects/brian2cuda/brian2cuda_repository/frozen_repos/brian2/brian2/core/network.py", line 841, in before_run
    obj.before_run(run_namespace)
  File "/home/denis/tubcloud/home/projects/brian2cuda/brian2cuda_repository/frozen_repos/brian2/brian2/groups/group.py", line 1128, in before_run
    codeobj_class=self.codeobj_class
  File "/home/denis/tubcloud/home/projects/brian2cuda/brian2cuda_repository/frozen_repos/brian2/brian2/codegen/codeobject.py", line 310, in create_runner_codeobj
    override_conditional_write=override_conditional_write,
  File "/home/denis/tubcloud/home/projects/brian2cuda/brian2cuda_repository/brian2cuda/device.py", line 378, in code_object
    override_conditional_write=override_conditional_write,
  File "/home/denis/tubcloud/home/projects/brian2cuda/brian2cuda_repository/frozen_repos/brian2/brian2/devices/cpp_standalone/device.py", line 565, in code_object
    override_conditional_write=override_conditional_write,
  File "/home/denis/tubcloud/home/projects/brian2cuda/brian2cuda_repository/frozen_repos/brian2/brian2/devices/device.py", line 329, in code_object
    **template_kwds)
  File "/home/denis/tubcloud/home/projects/brian2cuda/brian2cuda_repository/frozen_repos/brian2/brian2/codegen/templates.py", line 205, in __call__
    return MultiTemplate(module)
  File "/home/denis/tubcloud/home/projects/brian2cuda/brian2cuda_repository/frozen_repos/brian2/brian2/codegen/templates.py", line 221, in __init__
    s = autoindent_postfilter(str(f()))
  File "/home/denis/.conda/envs/b2c/lib/python2.7/site-packages/jinja2/runtime.py", line 575, in __call__
    return self._invoke(arguments, autoescape)
  File "/home/denis/.conda/envs/b2c/lib/python2.7/site-packages/jinja2/runtime.py", line 579, in _invoke
    rv = self._func(*arguments)
  File "/home/denis/tubcloud/home/projects/brian2cuda/brian2cuda_repository/brian2cuda/templates/common_group.cu", line 54, in macro
  File "/home/denis/tubcloud/home/projects/brian2cuda/brian2cuda_repository/brian2cuda/templates/common_group.cu", line 290, in block_define_N
  File "/home/denis/.conda/envs/b2c/lib/python2.7/site-packages/jinja2/runtime.py", line 262, in call
    return __obj(*args, **kwargs)
  File "/home/denis/tubcloud/home/projects/brian2cuda/brian2cuda_repository/frozen_repos/brian2/brian2/codegen/codeobject.py", line 35, in constant_or_scalar
    if variable.array:
  File "/home/denis/.conda/envs/b2c/lib/python2.7/site-packages/jinja2/runtime.py", line 641, in __getattr__
    return self._fail_with_undefined_error()
  File "/home/denis/.conda/envs/b2c/lib/python2.7/site-packages/jinja2/runtime.py", line 635, in _fail_with_undefined_error
    raise self._undefined_exception(hint)
UndefinedError: 'dict object' has no attribute 'N'

Error encountered with object named "synapses_summed_variable_v_post".
Object was created here (most recent call only, full details in debug log):
  File "/home/denis/.conda/envs/b2c/lib/python2.7/site-packages/nose/case.py", line 197, in runTest
    self.test(*self.arg)

An error occurred when preparing an object. UndefinedError: 'dict object' has no attribute 'N'
(See above for original error message and traceback.)

======================================================================
ERROR: brian2.tests.test_synapses.test_summed_variable_pre_and_post
----------------------------------------------------------------------
Traceback (most recent call last):
  File "/home/denis/.conda/envs/b2c/lib/python2.7/site-packages/nose/case.py", line 197, in runTest
    self.test(*self.arg)
  File "/home/denis/tubcloud/home/projects/brian2cuda/brian2cuda_repository/frozen_repos/brian2/brian2/tests/test_synapses.py", line 1184, in test_summed_variable_pre_and_post
    run(defaultclock.dt)
  File "/home/denis/tubcloud/home/projects/brian2cuda/brian2cuda_repository/frozen_repos/brian2/brian2/units/fundamentalunits.py", line 2375, in new_f
    result = f(*args, **kwds)
  File "/home/denis/tubcloud/home/projects/brian2cuda/brian2cuda_repository/frozen_repos/brian2/brian2/core/magic.py", line 371, in run
    namespace=namespace, profile=profile, level=2+level)
  File "/home/denis/tubcloud/home/projects/brian2cuda/brian2cuda_repository/frozen_repos/brian2/brian2/core/magic.py", line 231, in run
    namespace=namespace, profile=profile, level=level+1)
  File "/home/denis/tubcloud/home/projects/brian2cuda/brian2cuda_repository/frozen_repos/brian2/brian2/core/base.py", line 274, in device_override_decorated_function
    return getattr(curdev, name)(*args, **kwds)
  File "/home/denis/tubcloud/home/projects/brian2cuda/brian2cuda_repository/brian2cuda/device.py", line 1049, in network_run
    net.before_run(namespace)
  File "/home/denis/tubcloud/home/projects/brian2cuda/brian2cuda_repository/frozen_repos/brian2/brian2/core/base.py", line 276, in device_override_decorated_function
    return func(*args, **kwds)
  File "/home/denis/tubcloud/home/projects/brian2cuda/brian2cuda_repository/frozen_repos/brian2/brian2/core/network.py", line 843, in before_run
    raise brian_object_exception("An error occurred when preparing an object.", obj, ex)
BrianObjectException: Original error and traceback:
Traceback (most recent call last):
  File "/home/denis/tubcloud/home/projects/brian2cuda/brian2cuda_repository/frozen_repos/brian2/brian2/core/network.py", line 841, in before_run
    obj.before_run(run_namespace)
  File "/home/denis/tubcloud/home/projects/brian2cuda/brian2cuda_repository/frozen_repos/brian2/brian2/groups/group.py", line 1128, in before_run
    codeobj_class=self.codeobj_class
  File "/home/denis/tubcloud/home/projects/brian2cuda/brian2cuda_repository/frozen_repos/brian2/brian2/codegen/codeobject.py", line 310, in create_runner_codeobj
    override_conditional_write=override_conditional_write,
  File "/home/denis/tubcloud/home/projects/brian2cuda/brian2cuda_repository/brian2cuda/device.py", line 378, in code_object
    override_conditional_write=override_conditional_write,
  File "/home/denis/tubcloud/home/projects/brian2cuda/brian2cuda_repository/frozen_repos/brian2/brian2/devices/cpp_standalone/device.py", line 565, in code_object
    override_conditional_write=override_conditional_write,
  File "/home/denis/tubcloud/home/projects/brian2cuda/brian2cuda_repository/frozen_repos/brian2/brian2/devices/device.py", line 329, in code_object
    **template_kwds)
  File "/home/denis/tubcloud/home/projects/brian2cuda/brian2cuda_repository/frozen_repos/brian2/brian2/codegen/templates.py", line 205, in __call__
    return MultiTemplate(module)
  File "/home/denis/tubcloud/home/projects/brian2cuda/brian2cuda_repository/frozen_repos/brian2/brian2/codegen/templates.py", line 221, in __init__
    s = autoindent_postfilter(str(f()))
  File "/home/denis/.conda/envs/b2c/lib/python2.7/site-packages/jinja2/runtime.py", line 575, in __call__
    return self._invoke(arguments, autoescape)
  File "/home/denis/.conda/envs/b2c/lib/python2.7/site-packages/jinja2/runtime.py", line 579, in _invoke
    rv = self._func(*arguments)
  File "/home/denis/tubcloud/home/projects/brian2cuda/brian2cuda_repository/brian2cuda/templates/common_group.cu", line 54, in macro
  File "/home/denis/tubcloud/home/projects/brian2cuda/brian2cuda_repository/brian2cuda/templates/common_group.cu", line 290, in block_define_N
  File "/home/denis/.conda/envs/b2c/lib/python2.7/site-packages/jinja2/runtime.py", line 262, in call
    return __obj(*args, **kwargs)
  File "/home/denis/tubcloud/home/projects/brian2cuda/brian2cuda_repository/frozen_repos/brian2/brian2/codegen/codeobject.py", line 35, in constant_or_scalar
    if variable.array:
  File "/home/denis/.conda/envs/b2c/lib/python2.7/site-packages/jinja2/runtime.py", line 641, in __getattr__
    return self._fail_with_undefined_error()
  File "/home/denis/.conda/envs/b2c/lib/python2.7/site-packages/jinja2/runtime.py", line 635, in _fail_with_undefined_error
    raise self._undefined_exception(hint)
UndefinedError: 'dict object' has no attribute 'N'

Error encountered with object named "synapses_summed_variable_neuron_sum_post".
Object was created here (most recent call only, full details in debug log):
  File "/home/denis/.conda/envs/b2c/lib/python2.7/site-packages/nose/case.py", line 197, in runTest
    self.test(*self.arg)

An error occurred when preparing an object. UndefinedError: 'dict object' has no attribute 'N'
(See above for original error message and traceback.)

======================================================================
ERROR: brian2.tests.test_synapses.test_summed_variable_differing_group_size
----------------------------------------------------------------------
Traceback (most recent call last):
  File "/home/denis/.conda/envs/b2c/lib/python2.7/site-packages/nose/case.py", line 197, in runTest
    self.test(*self.arg)
  File "/home/denis/tubcloud/home/projects/brian2cuda/brian2cuda_repository/frozen_repos/brian2/brian2/tests/test_synapses.py", line 1214, in test_summed_variable_differing_group_size
    run(defaultclock.dt)
  File "/home/denis/tubcloud/home/projects/brian2cuda/brian2cuda_repository/frozen_repos/brian2/brian2/units/fundamentalunits.py", line 2375, in new_f
    result = f(*args, **kwds)
  File "/home/denis/tubcloud/home/projects/brian2cuda/brian2cuda_repository/frozen_repos/brian2/brian2/core/magic.py", line 371, in run
    namespace=namespace, profile=profile, level=2+level)
  File "/home/denis/tubcloud/home/projects/brian2cuda/brian2cuda_repository/frozen_repos/brian2/brian2/core/magic.py", line 231, in run
    namespace=namespace, profile=profile, level=level+1)
  File "/home/denis/tubcloud/home/projects/brian2cuda/brian2cuda_repository/frozen_repos/brian2/brian2/core/base.py", line 274, in device_override_decorated_function
    return getattr(curdev, name)(*args, **kwds)
  File "/home/denis/tubcloud/home/projects/brian2cuda/brian2cuda_repository/brian2cuda/device.py", line 1049, in network_run
    net.before_run(namespace)
  File "/home/denis/tubcloud/home/projects/brian2cuda/brian2cuda_repository/frozen_repos/brian2/brian2/core/base.py", line 276, in device_override_decorated_function
    return func(*args, **kwds)
  File "/home/denis/tubcloud/home/projects/brian2cuda/brian2cuda_repository/frozen_repos/brian2/brian2/core/network.py", line 843, in before_run
    raise brian_object_exception("An error occurred when preparing an object.", obj, ex)
BrianObjectException: Original error and traceback:
Traceback (most recent call last):
  File "/home/denis/tubcloud/home/projects/brian2cuda/brian2cuda_repository/frozen_repos/brian2/brian2/core/network.py", line 841, in before_run
    obj.before_run(run_namespace)
  File "/home/denis/tubcloud/home/projects/brian2cuda/brian2cuda_repository/frozen_repos/brian2/brian2/groups/group.py", line 1128, in before_run
    codeobj_class=self.codeobj_class
  File "/home/denis/tubcloud/home/projects/brian2cuda/brian2cuda_repository/frozen_repos/brian2/brian2/codegen/codeobject.py", line 310, in create_runner_codeobj
    override_conditional_write=override_conditional_write,
  File "/home/denis/tubcloud/home/projects/brian2cuda/brian2cuda_repository/brian2cuda/device.py", line 378, in code_object
    override_conditional_write=override_conditional_write,
  File "/home/denis/tubcloud/home/projects/brian2cuda/brian2cuda_repository/frozen_repos/brian2/brian2/devices/cpp_standalone/device.py", line 565, in code_object
    override_conditional_write=override_conditional_write,
  File "/home/denis/tubcloud/home/projects/brian2cuda/brian2cuda_repository/frozen_repos/brian2/brian2/devices/device.py", line 329, in code_object
    **template_kwds)
  File "/home/denis/tubcloud/home/projects/brian2cuda/brian2cuda_repository/frozen_repos/brian2/brian2/codegen/templates.py", line 205, in __call__
    return MultiTemplate(module)
  File "/home/denis/tubcloud/home/projects/brian2cuda/brian2cuda_repository/frozen_repos/brian2/brian2/codegen/templates.py", line 221, in __init__
    s = autoindent_postfilter(str(f()))
  File "/home/denis/.conda/envs/b2c/lib/python2.7/site-packages/jinja2/runtime.py", line 575, in __call__
    return self._invoke(arguments, autoescape)
  File "/home/denis/.conda/envs/b2c/lib/python2.7/site-packages/jinja2/runtime.py", line 579, in _invoke
    rv = self._func(*arguments)
  File "/home/denis/tubcloud/home/projects/brian2cuda/brian2cuda_repository/brian2cuda/templates/common_group.cu", line 54, in macro
  File "/home/denis/tubcloud/home/projects/brian2cuda/brian2cuda_repository/brian2cuda/templates/common_group.cu", line 290, in block_define_N
  File "/home/denis/.conda/envs/b2c/lib/python2.7/site-packages/jinja2/runtime.py", line 262, in call
    return __obj(*args, **kwargs)
  File "/home/denis/tubcloud/home/projects/brian2cuda/brian2cuda_repository/frozen_repos/brian2/brian2/codegen/codeobject.py", line 35, in constant_or_scalar
    if variable.array:
  File "/home/denis/.conda/envs/b2c/lib/python2.7/site-packages/jinja2/runtime.py", line 641, in __getattr__
    return self._fail_with_undefined_error()
  File "/home/denis/.conda/envs/b2c/lib/python2.7/site-packages/jinja2/runtime.py", line 635, in _fail_with_undefined_error
    raise self._undefined_exception(hint)
UndefinedError: 'dict object' has no attribute 'N'

Error encountered with object named "synapses_1_summed_variable_var_pre".
Object was created here (most recent call only, full details in debug log):
  File "/home/denis/.conda/envs/b2c/lib/python2.7/site-packages/nose/case.py", line 197, in runTest
    self.test(*self.arg)

An error occurred when preparing an object. UndefinedError: 'dict object' has no attribute 'N'
(See above for original error message and traceback.)

======================================================================
ERROR: brian2.tests.test_synapses.test_summed_variables_subgroups
----------------------------------------------------------------------
Traceback (most recent call last):
  File "/home/denis/.conda/envs/b2c/lib/python2.7/site-packages/nose/case.py", line 197, in runTest
    self.test(*self.arg)
  File "/home/denis/tubcloud/home/projects/brian2cuda/brian2cuda_repository/frozen_repos/brian2/brian2/tests/test_synapses.py", line 1274, in test_summed_variables_subgroups
    run(defaultclock.dt)
  File "/home/denis/tubcloud/home/projects/brian2cuda/brian2cuda_repository/frozen_repos/brian2/brian2/units/fundamentalunits.py", line 2375, in new_f
    result = f(*args, **kwds)
  File "/home/denis/tubcloud/home/projects/brian2cuda/brian2cuda_repository/frozen_repos/brian2/brian2/core/magic.py", line 371, in run
    namespace=namespace, profile=profile, level=2+level)
  File "/home/denis/tubcloud/home/projects/brian2cuda/brian2cuda_repository/frozen_repos/brian2/brian2/core/magic.py", line 231, in run
    namespace=namespace, profile=profile, level=level+1)
  File "/home/denis/tubcloud/home/projects/brian2cuda/brian2cuda_repository/frozen_repos/brian2/brian2/core/base.py", line 274, in device_override_decorated_function
    return getattr(curdev, name)(*args, **kwds)
  File "/home/denis/tubcloud/home/projects/brian2cuda/brian2cuda_repository/brian2cuda/device.py", line 1049, in network_run
    net.before_run(namespace)
  File "/home/denis/tubcloud/home/projects/brian2cuda/brian2cuda_repository/frozen_repos/brian2/brian2/core/base.py", line 276, in device_override_decorated_function
    return func(*args, **kwds)
  File "/home/denis/tubcloud/home/projects/brian2cuda/brian2cuda_repository/frozen_repos/brian2/brian2/core/network.py", line 843, in before_run
    raise brian_object_exception("An error occurred when preparing an object.", obj, ex)
BrianObjectException: Original error and traceback:
Traceback (most recent call last):
  File "/home/denis/tubcloud/home/projects/brian2cuda/brian2cuda_repository/frozen_repos/brian2/brian2/core/network.py", line 841, in before_run
    obj.before_run(run_namespace)
  File "/home/denis/tubcloud/home/projects/brian2cuda/brian2cuda_repository/frozen_repos/brian2/brian2/groups/group.py", line 1128, in before_run
    codeobj_class=self.codeobj_class
  File "/home/denis/tubcloud/home/projects/brian2cuda/brian2cuda_repository/frozen_repos/brian2/brian2/codegen/codeobject.py", line 310, in create_runner_codeobj
    override_conditional_write=override_conditional_write,
  File "/home/denis/tubcloud/home/projects/brian2cuda/brian2cuda_repository/brian2cuda/device.py", line 378, in code_object
    override_conditional_write=override_conditional_write,
  File "/home/denis/tubcloud/home/projects/brian2cuda/brian2cuda_repository/frozen_repos/brian2/brian2/devices/cpp_standalone/device.py", line 565, in code_object
    override_conditional_write=override_conditional_write,
  File "/home/denis/tubcloud/home/projects/brian2cuda/brian2cuda_repository/frozen_repos/brian2/brian2/devices/device.py", line 329, in code_object
    **template_kwds)
  File "/home/denis/tubcloud/home/projects/brian2cuda/brian2cuda_repository/frozen_repos/brian2/brian2/codegen/templates.py", line 205, in __call__
    return MultiTemplate(module)
  File "/home/denis/tubcloud/home/projects/brian2cuda/brian2cuda_repository/frozen_repos/brian2/brian2/codegen/templates.py", line 221, in __init__
    s = autoindent_postfilter(str(f()))
  File "/home/denis/.conda/envs/b2c/lib/python2.7/site-packages/jinja2/runtime.py", line 575, in __call__
    return self._invoke(arguments, autoescape)
  File "/home/denis/.conda/envs/b2c/lib/python2.7/site-packages/jinja2/runtime.py", line 579, in _invoke
    rv = self._func(*arguments)
  File "/home/denis/tubcloud/home/projects/brian2cuda/brian2cuda_repository/brian2cuda/templates/common_group.cu", line 54, in macro
  File "/home/denis/tubcloud/home/projects/brian2cuda/brian2cuda_repository/brian2cuda/templates/common_group.cu", line 290, in block_define_N
  File "/home/denis/.conda/envs/b2c/lib/python2.7/site-packages/jinja2/runtime.py", line 262, in call
    return __obj(*args, **kwargs)
  File "/home/denis/tubcloud/home/projects/brian2cuda/brian2cuda_repository/frozen_repos/brian2/brian2/codegen/codeobject.py", line 35, in constant_or_scalar
    if variable.array:
  File "/home/denis/.conda/envs/b2c/lib/python2.7/site-packages/jinja2/runtime.py", line 641, in __getattr__
    return self._fail_with_undefined_error()
  File "/home/denis/.conda/envs/b2c/lib/python2.7/site-packages/jinja2/runtime.py", line 635, in _fail_with_undefined_error
    raise self._undefined_exception(hint)
UndefinedError: 'dict object' has no attribute 'N'

Error encountered with object named "synapses_3_summed_variable_v_post".
Object was created here (most recent call only, full details in debug log):
  File "/home/denis/.conda/envs/b2c/lib/python2.7/site-packages/nose/case.py", line 197, in runTest
    self.test(*self.arg)

An error occurred when preparing an object. UndefinedError: 'dict object' has no attribute 'N'
(See above for original error message and traceback.)

======================================================================
ERROR: brian2.tests.test_synapses.test_synapses_to_synapses_different_sizes
----------------------------------------------------------------------
Traceback (most recent call last):
  File "/home/denis/.conda/envs/b2c/lib/python2.7/site-packages/nose/case.py", line 197, in runTest
    self.test(*self.arg)
  File "/home/denis/tubcloud/home/projects/brian2cuda/brian2cuda_repository/frozen_repos/brian2/brian2/tests/test_synapses.py", line 1963, in test_synapses_to_synapses_different_sizes
    run(0*ms)
  File "/home/denis/tubcloud/home/projects/brian2cuda/brian2cuda_repository/frozen_repos/brian2/brian2/units/fundamentalunits.py", line 2375, in new_f
    result = f(*args, **kwds)
  File "/home/denis/tubcloud/home/projects/brian2cuda/brian2cuda_repository/frozen_repos/brian2/brian2/core/magic.py", line 371, in run
    namespace=namespace, profile=profile, level=2+level)
  File "/home/denis/tubcloud/home/projects/brian2cuda/brian2cuda_repository/frozen_repos/brian2/brian2/core/magic.py", line 231, in run
    namespace=namespace, profile=profile, level=level+1)
  File "/home/denis/tubcloud/home/projects/brian2cuda/brian2cuda_repository/frozen_repos/brian2/brian2/core/base.py", line 274, in device_override_decorated_function
    return getattr(curdev, name)(*args, **kwds)
  File "/home/denis/tubcloud/home/projects/brian2cuda/brian2cuda_repository/brian2cuda/device.py", line 1225, in network_run
    self.build(direct_call=False, **self.build_options)
  File "/home/denis/tubcloud/home/projects/brian2cuda/brian2cuda_repository/brian2cuda/device.py", line 1026, in build
    self.run(directory, with_output, run_args)
  File "/home/denis/tubcloud/home/projects/brian2cuda/brian2cuda_repository/frozen_repos/brian2/brian2/devices/cpp_standalone/device.py", line 1000, in run
    "%s)" % os.path.abspath(directory))
RuntimeError: Project run failed (project directory: /tmp/tmpVJKzHG)
-------------------- >> begin captured stdout << ---------------------
INFO: setting cudaDevice stuff took 1.388591 seconds
objects cu num par blocks 3
INFO: _init_arrays() took 0.007536s
INFO kernel_neurongroup_group_variable_set_conditional_codeobject
	1 blocks
	1024 threads
	10 registers per block
	0 bytes statically-allocated shared memory per block
	0 bytes local memory per thread
	864 bytes user-allocated constant memory
INFO kernel_neurongroup_2_group_variable_set_conditional_codeobject
	1 blocks
	1024 threads
	10 registers per block
	0 bytes statically-allocated shared memory per block
	0 bytes local memory per thread
	864 bytes user-allocated constant memory
INFO: synapses creation took 0.000519s


--------------------- >> end captured stdout << ----------------------

======================================================================
ERROR: brian2.tests.test_synapses.test_synapses_to_synapses_summed_variable
----------------------------------------------------------------------
Traceback (most recent call last):
  File "/home/denis/.conda/envs/b2c/lib/python2.7/site-packages/nose/case.py", line 197, in runTest
    self.test(*self.arg)
  File "/home/denis/tubcloud/home/projects/brian2cuda/brian2cuda_repository/frozen_repos/brian2/brian2/tests/test_synapses.py", line 2053, in test_synapses_to_synapses_summed_variable
    run(defaultclock.dt)
  File "/home/denis/tubcloud/home/projects/brian2cuda/brian2cuda_repository/frozen_repos/brian2/brian2/units/fundamentalunits.py", line 2375, in new_f
    result = f(*args, **kwds)
  File "/home/denis/tubcloud/home/projects/brian2cuda/brian2cuda_repository/frozen_repos/brian2/brian2/core/magic.py", line 371, in run
    namespace=namespace, profile=profile, level=2+level)
  File "/home/denis/tubcloud/home/projects/brian2cuda/brian2cuda_repository/frozen_repos/brian2/brian2/core/magic.py", line 231, in run
    namespace=namespace, profile=profile, level=level+1)
  File "/home/denis/tubcloud/home/projects/brian2cuda/brian2cuda_repository/frozen_repos/brian2/brian2/core/base.py", line 274, in device_override_decorated_function
    return getattr(curdev, name)(*args, **kwds)
  File "/home/denis/tubcloud/home/projects/brian2cuda/brian2cuda_repository/brian2cuda/device.py", line 1049, in network_run
    net.before_run(namespace)
  File "/home/denis/tubcloud/home/projects/brian2cuda/brian2cuda_repository/frozen_repos/brian2/brian2/core/base.py", line 276, in device_override_decorated_function
    return func(*args, **kwds)
  File "/home/denis/tubcloud/home/projects/brian2cuda/brian2cuda_repository/frozen_repos/brian2/brian2/core/network.py", line 843, in before_run
    raise brian_object_exception("An error occurred when preparing an object.", obj, ex)
BrianObjectException: Original error and traceback:
Traceback (most recent call last):
  File "/home/denis/tubcloud/home/projects/brian2cuda/brian2cuda_repository/frozen_repos/brian2/brian2/core/network.py", line 841, in before_run
    obj.before_run(run_namespace)
  File "/home/denis/tubcloud/home/projects/brian2cuda/brian2cuda_repository/frozen_repos/brian2/brian2/groups/group.py", line 1128, in before_run
    codeobj_class=self.codeobj_class
  File "/home/denis/tubcloud/home/projects/brian2cuda/brian2cuda_repository/frozen_repos/brian2/brian2/codegen/codeobject.py", line 310, in create_runner_codeobj
    override_conditional_write=override_conditional_write,
  File "/home/denis/tubcloud/home/projects/brian2cuda/brian2cuda_repository/brian2cuda/device.py", line 378, in code_object
    override_conditional_write=override_conditional_write,
  File "/home/denis/tubcloud/home/projects/brian2cuda/brian2cuda_repository/frozen_repos/brian2/brian2/devices/cpp_standalone/device.py", line 565, in code_object
    override_conditional_write=override_conditional_write,
  File "/home/denis/tubcloud/home/projects/brian2cuda/brian2cuda_repository/frozen_repos/brian2/brian2/devices/device.py", line 329, in code_object
    **template_kwds)
  File "/home/denis/tubcloud/home/projects/brian2cuda/brian2cuda_repository/frozen_repos/brian2/brian2/codegen/templates.py", line 205, in __call__
    return MultiTemplate(module)
  File "/home/denis/tubcloud/home/projects/brian2cuda/brian2cuda_repository/frozen_repos/brian2/brian2/codegen/templates.py", line 221, in __init__
    s = autoindent_postfilter(str(f()))
  File "/home/denis/.conda/envs/b2c/lib/python2.7/site-packages/jinja2/runtime.py", line 575, in __call__
    return self._invoke(arguments, autoescape)
  File "/home/denis/.conda/envs/b2c/lib/python2.7/site-packages/jinja2/runtime.py", line 579, in _invoke
    rv = self._func(*arguments)
  File "/home/denis/tubcloud/home/projects/brian2cuda/brian2cuda_repository/brian2cuda/templates/common_group.cu", line 54, in macro
  File "/home/denis/tubcloud/home/projects/brian2cuda/brian2cuda_repository/brian2cuda/templates/common_group.cu", line 290, in block_define_N
  File "/home/denis/.conda/envs/b2c/lib/python2.7/site-packages/jinja2/runtime.py", line 262, in call
    return __obj(*args, **kwargs)
  File "/home/denis/tubcloud/home/projects/brian2cuda/brian2cuda_repository/frozen_repos/brian2/brian2/codegen/codeobject.py", line 35, in constant_or_scalar
    if variable.array:
  File "/home/denis/.conda/envs/b2c/lib/python2.7/site-packages/jinja2/runtime.py", line 641, in __getattr__
    return self._fail_with_undefined_error()
  File "/home/denis/.conda/envs/b2c/lib/python2.7/site-packages/jinja2/runtime.py", line 635, in _fail_with_undefined_error
    raise self._undefined_exception(hint)
UndefinedError: 'dict object' has no attribute 'N'

Error encountered with object named "synapses_1_summed_variable_w_post".
Object was created here (most recent call only, full details in debug log):
  File "/home/denis/.conda/envs/b2c/lib/python2.7/site-packages/nose/case.py", line 197, in runTest
    self.test(*self.arg)

An error occurred when preparing an object. UndefinedError: 'dict object' has no attribute 'N'
(See above for original error message and traceback.)

======================================================================
ERROR: brian2cuda.tests.test_not_implemented_brian2_test_suite_fails.test_synapses_to_synapses_different_sizes
----------------------------------------------------------------------
Traceback (most recent call last):
  File "/home/denis/.conda/envs/b2c/lib/python2.7/site-packages/nose/case.py", line 197, in runTest
    self.test(*self.arg)
  File "/home/denis/tubcloud/home/projects/brian2cuda/brian2cuda_repository/brian2cuda/tests/test_not_implemented_brian2_test_suite_fails.py", line 157, in test_synapses_to_synapses_different_sizes
    run(0*ms)
  File "/home/denis/tubcloud/home/projects/brian2cuda/brian2cuda_repository/frozen_repos/brian2/brian2/units/fundamentalunits.py", line 2375, in new_f
    result = f(*args, **kwds)
  File "/home/denis/tubcloud/home/projects/brian2cuda/brian2cuda_repository/frozen_repos/brian2/brian2/core/magic.py", line 371, in run
    namespace=namespace, profile=profile, level=2+level)
  File "/home/denis/tubcloud/home/projects/brian2cuda/brian2cuda_repository/frozen_repos/brian2/brian2/core/magic.py", line 231, in run
    namespace=namespace, profile=profile, level=level+1)
  File "/home/denis/tubcloud/home/projects/brian2cuda/brian2cuda_repository/frozen_repos/brian2/brian2/core/base.py", line 274, in device_override_decorated_function
    return getattr(curdev, name)(*args, **kwds)
  File "/home/denis/tubcloud/home/projects/brian2cuda/brian2cuda_repository/brian2cuda/device.py", line 1225, in network_run
    self.build(direct_call=False, **self.build_options)
  File "/home/denis/tubcloud/home/projects/brian2cuda/brian2cuda_repository/brian2cuda/device.py", line 1026, in build
    self.run(directory, with_output, run_args)
  File "/home/denis/tubcloud/home/projects/brian2cuda/brian2cuda_repository/frozen_repos/brian2/brian2/devices/cpp_standalone/device.py", line 1000, in run
    "%s)" % os.path.abspath(directory))
RuntimeError: Project run failed (project directory: /tmp/tmpRDYUko)
-------------------- >> begin captured stdout << ---------------------
INFO: setting cudaDevice stuff took 1.563405 seconds
objects cu num par blocks 3
INFO: _init_arrays() took 0.007356s
INFO kernel_neurongroup_1_group_variable_set_conditional_codeobject
	1 blocks
	1024 threads
	10 registers per block
	0 bytes statically-allocated shared memory per block
	0 bytes local memory per thread
	864 bytes user-allocated constant memory
INFO kernel_neurongroup_3_group_variable_set_conditional_codeobject
	1 blocks
	1024 threads
	10 registers per block
	0 bytes statically-allocated shared memory per block
	0 bytes local memory per thread
	864 bytes user-allocated constant memory
INFO: synapses_2 creation took 0.000514s


--------------------- >> end captured stdout << ----------------------

======================================================================
ERROR: brian2cuda.tests.test_not_implemented_brian2_test_suite_fails.test_synapses_to_synapses_summed_variable
----------------------------------------------------------------------
Traceback (most recent call last):
  File "/home/denis/.conda/envs/b2c/lib/python2.7/site-packages/nose/case.py", line 197, in runTest
    self.test(*self.arg)
  File "/home/denis/tubcloud/home/projects/brian2cuda/brian2cuda_repository/brian2cuda/tests/test_not_implemented_brian2_test_suite_fails.py", line 175, in test_synapses_to_synapses_summed_variable
    run(defaultclock.dt)
  File "/home/denis/tubcloud/home/projects/brian2cuda/brian2cuda_repository/frozen_repos/brian2/brian2/units/fundamentalunits.py", line 2375, in new_f
    result = f(*args, **kwds)
  File "/home/denis/tubcloud/home/projects/brian2cuda/brian2cuda_repository/frozen_repos/brian2/brian2/core/magic.py", line 371, in run
    namespace=namespace, profile=profile, level=2+level)
  File "/home/denis/tubcloud/home/projects/brian2cuda/brian2cuda_repository/frozen_repos/brian2/brian2/core/magic.py", line 231, in run
    namespace=namespace, profile=profile, level=level+1)
  File "/home/denis/tubcloud/home/projects/brian2cuda/brian2cuda_repository/frozen_repos/brian2/brian2/core/base.py", line 274, in device_override_decorated_function
    return getattr(curdev, name)(*args, **kwds)
  File "/home/denis/tubcloud/home/projects/brian2cuda/brian2cuda_repository/brian2cuda/device.py", line 1049, in network_run
    net.before_run(namespace)
  File "/home/denis/tubcloud/home/projects/brian2cuda/brian2cuda_repository/frozen_repos/brian2/brian2/core/base.py", line 276, in device_override_decorated_function
    return func(*args, **kwds)
  File "/home/denis/tubcloud/home/projects/brian2cuda/brian2cuda_repository/frozen_repos/brian2/brian2/core/network.py", line 843, in before_run
    raise brian_object_exception("An error occurred when preparing an object.", obj, ex)
BrianObjectException: Original error and traceback:
Traceback (most recent call last):
  File "/home/denis/tubcloud/home/projects/brian2cuda/brian2cuda_repository/frozen_repos/brian2/brian2/core/network.py", line 841, in before_run
    obj.before_run(run_namespace)
  File "/home/denis/tubcloud/home/projects/brian2cuda/brian2cuda_repository/frozen_repos/brian2/brian2/groups/group.py", line 1128, in before_run
    codeobj_class=self.codeobj_class
  File "/home/denis/tubcloud/home/projects/brian2cuda/brian2cuda_repository/frozen_repos/brian2/brian2/codegen/codeobject.py", line 310, in create_runner_codeobj
    override_conditional_write=override_conditional_write,
  File "/home/denis/tubcloud/home/projects/brian2cuda/brian2cuda_repository/brian2cuda/device.py", line 378, in code_object
    override_conditional_write=override_conditional_write,
  File "/home/denis/tubcloud/home/projects/brian2cuda/brian2cuda_repository/frozen_repos/brian2/brian2/devices/cpp_standalone/device.py", line 565, in code_object
    override_conditional_write=override_conditional_write,
  File "/home/denis/tubcloud/home/projects/brian2cuda/brian2cuda_repository/frozen_repos/brian2/brian2/devices/device.py", line 329, in code_object
    **template_kwds)
  File "/home/denis/tubcloud/home/projects/brian2cuda/brian2cuda_repository/frozen_repos/brian2/brian2/codegen/templates.py", line 205, in __call__
    return MultiTemplate(module)
  File "/home/denis/tubcloud/home/projects/brian2cuda/brian2cuda_repository/frozen_repos/brian2/brian2/codegen/templates.py", line 221, in __init__
    s = autoindent_postfilter(str(f()))
  File "/home/denis/.conda/envs/b2c/lib/python2.7/site-packages/jinja2/runtime.py", line 575, in __call__
    return self._invoke(arguments, autoescape)
  File "/home/denis/.conda/envs/b2c/lib/python2.7/site-packages/jinja2/runtime.py", line 579, in _invoke
    rv = self._func(*arguments)
  File "/home/denis/tubcloud/home/projects/brian2cuda/brian2cuda_repository/brian2cuda/templates/common_group.cu", line 54, in macro
  File "/home/denis/tubcloud/home/projects/brian2cuda/brian2cuda_repository/brian2cuda/templates/common_group.cu", line 290, in block_define_N
  File "/home/denis/.conda/envs/b2c/lib/python2.7/site-packages/jinja2/runtime.py", line 262, in call
    return __obj(*args, **kwargs)
  File "/home/denis/tubcloud/home/projects/brian2cuda/brian2cuda_repository/frozen_repos/brian2/brian2/codegen/codeobject.py", line 35, in constant_or_scalar
    if variable.array:
  File "/home/denis/.conda/envs/b2c/lib/python2.7/site-packages/jinja2/runtime.py", line 641, in __getattr__
    return self._fail_with_undefined_error()
  File "/home/denis/.conda/envs/b2c/lib/python2.7/site-packages/jinja2/runtime.py", line 635, in _fail_with_undefined_error
    raise self._undefined_exception(hint)
UndefinedError: 'dict object' has no attribute 'N'

Error encountered with object named "synapses_1_summed_variable_w_post".
Object was created here (most recent call only, full details in debug log):
  File "/home/denis/tubcloud/home/projects/brian2cuda/brian2cuda_repository/brian2cuda/tests/test_not_implemented_brian2_test_suite_fails.py", line 172, in test_synapses_to_synapses_summed_variable
    x : integer''')

An error occurred when preparing an object. UndefinedError: 'dict object' has no attribute 'N'
(See above for original error message and traceback.)

======================================================================
FAIL: brian2.tests.test_functions.test_timestep_function_during_run
----------------------------------------------------------------------
Traceback (most recent call last):
  File "/home/denis/.conda/envs/b2c/lib/python2.7/site-packages/nose/case.py", line 197, in runTest
    self.test(*self.arg)
  File "/home/denis/tubcloud/home/projects/brian2cuda/brian2cuda_repository/frozen_repos/brian2/brian2/tests/test_functions.py", line 167, in test_timestep_function_during_run
    assert_equal(mon.ts[1], [5, 6, 7, 8, 9])
  File "/home/denis/.conda/envs/b2c/lib/python2.7/site-packages/numpy/testing/_private/utils.py", line 348, in assert_equal
    return assert_array_equal(actual, desired, err_msg, verbose)
  File "/home/denis/.conda/envs/b2c/lib/python2.7/site-packages/numpy/testing/_private/utils.py", line 896, in assert_array_equal
    verbose=verbose, header='Arrays are not equal')
  File "/home/denis/.conda/envs/b2c/lib/python2.7/site-packages/numpy/testing/_private/utils.py", line 819, in assert_array_compare
    raise AssertionError(msg)
AssertionError: 
Arrays are not equal

Mismatch: 80%
Max absolute difference: 4
Max relative difference: 0.44444444
 x: array([5, 5, 5, 5, 5], dtype=int32)
 y: array([5, 6, 7, 8, 9])

======================================================================
FAIL: brian2.tests.test_monitor.test_state_monitor_indexing
----------------------------------------------------------------------
Traceback (most recent call last):
  File "/home/denis/.conda/envs/b2c/lib/python2.7/site-packages/nose/case.py", line 197, in runTest
    self.test(*self.arg)
  File "/home/denis/tubcloud/home/projects/brian2cuda/brian2cuda_repository/frozen_repos/brian2/brian2/tests/test_monitor.py", line 381, in test_state_monitor_indexing
    assert_allclose(mon.t[1:], Quantity([defaultclock.dt]))
  File "/home/denis/tubcloud/home/projects/brian2cuda/brian2cuda_repository/frozen_repos/brian2/brian2/tests/utils.py", line 30, in assert_allclose
    numpy_allclose(np.asarray(actual), np.asarray(desired), rtol=rtol, atol=atol, **kwds)
  File "/home/denis/.conda/envs/b2c/lib/python2.7/site-packages/numpy/testing/_private/utils.py", line 1493, in assert_allclose
    verbose=verbose, header=header, equal_nan=equal_nan)
  File "/home/denis/.conda/envs/b2c/lib/python2.7/site-packages/numpy/testing/_private/utils.py", line 752, in assert_array_compare
    raise AssertionError(msg)
AssertionError: 
Not equal to tolerance rtol=9.99201e-08, atol=0

(shapes (0,), (1,) mismatch)
 x: array([], dtype=float64)
 y: array([0.0001])

======================================================================
FAIL: brian2.tests.test_neurongroup.test_semantics_floor_division
----------------------------------------------------------------------
Traceback (most recent call last):
  File "/home/denis/.conda/envs/b2c/lib/python2.7/site-packages/nose/case.py", line 197, in runTest
    self.test(*self.arg)
  File "/home/denis/tubcloud/home/projects/brian2cuda/brian2cuda_repository/frozen_repos/brian2/brian2/tests/test_neurongroup.py", line 1563, in test_semantics_floor_division
    assert len(l) == 0
AssertionError

======================================================================
FAIL: Basic test for `SpikeGeneratorGroup`.
----------------------------------------------------------------------
Traceback (most recent call last):
  File "/home/denis/.conda/envs/b2c/lib/python2.7/site-packages/nose/case.py", line 197, in runTest
    self.test(*self.arg)
  File "/home/denis/tubcloud/home/projects/brian2cuda/brian2cuda_repository/frozen_repos/brian2/brian2/tests/test_spikegenerator.py", line 101, in test_spikegenerator_period
    assert_allclose(generator_spikes, recorded_spikes)
  File "/home/denis/tubcloud/home/projects/brian2cuda/brian2cuda_repository/frozen_repos/brian2/brian2/tests/utils.py", line 30, in assert_allclose
    numpy_allclose(np.asarray(actual), np.asarray(desired), rtol=rtol, atol=atol, **kwds)
  File "/home/denis/.conda/envs/b2c/lib/python2.7/site-packages/numpy/testing/_private/utils.py", line 1493, in assert_allclose
    verbose=verbose, header=header, equal_nan=equal_nan)
  File "/home/denis/.conda/envs/b2c/lib/python2.7/site-packages/numpy/testing/_private/utils.py", line 752, in assert_array_compare
    raise AssertionError(msg)
AssertionError: 
Not equal to tolerance rtol=9.99201e-08, atol=0

(shapes (6, 2), (3, 2) mismatch)
 x: array([[1.   , 0.002],
       [1.   , 0.003],
       [1.   , 0.004],...
 y: array([[1.   , 0.002],
       [1.   , 0.003],
       [1.   , 0.004]])

======================================================================
FAIL: brian2.tests.test_spikegenerator.test_spikegenerator_rounding_period
----------------------------------------------------------------------
Traceback (most recent call last):
  File "/home/denis/.conda/envs/b2c/lib/python2.7/site-packages/nose/case.py", line 197, in runTest
    self.test(*self.arg)
  File "/home/denis/tubcloud/home/projects/brian2cuda/brian2cuda_repository/frozen_repos/brian2/brian2/tests/test_spikegenerator.py", line 279, in test_spikegenerator_rounding_period
    assert_equal(spikes.count[0], N*repeats)
  File "/home/denis/.conda/envs/b2c/lib/python2.7/site-packages/numpy/testing/_private/utils.py", line 415, in assert_equal
    raise AssertionError(msg)
AssertionError: 
Items are not equal:
 ACTUAL: 100
 DESIRED: 1000000
-------------------- >> begin captured stdout << ---------------------
('debug syn effect mode ', 'target')

--------------------- >> end captured stdout << ----------------------

======================================================================
FAIL: brian2cuda.tests.test_synaptic_propagations.test_CudaSpikeQueue_push_outer_loop
----------------------------------------------------------------------
Traceback (most recent call last):
  File "/home/denis/.conda/envs/b2c/lib/python2.7/site-packages/nose/case.py", line 197, in runTest
    self.test(*self.arg)
  File "/home/denis/tubcloud/home/projects/brian2cuda/brian2cuda_repository/brian2cuda/tests/test_synaptic_propagations.py", line 47, in test_CudaSpikeQueue_push_outer_loop
    assert_allclose(S.delay[even_indices], 0)
  File "/home/denis/tubcloud/home/projects/brian2cuda/brian2cuda_repository/frozen_repos/brian2/brian2/tests/utils.py", line 26, in assert_allclose
    assert have_same_dimensions(actual, desired)
AssertionError: 
-------------------- >> begin captured stdout << ---------------------
('debug syn effect mode ', 'target')

--------------------- >> end captured stdout << ----------------------

----------------------------------------------------------------------
Ran 189 tests in 3351.606s

FAILED (NOT_IMPLEMENTED=15, SKIP=16, errors=9, failures=6)
Running standalone-compatible standard tests (multiple run statements)
WARNING    Multiple run statements are currently error prone. See #83, #85, #86. [brian2.devices.cuda_standalone]
..WARNING    Multiple run statements are currently error prone. See #83, #85, #86. [brian2.devices.cuda_standalone]
.WARNING    Multiple run statements are currently error prone. See #83, #85, #86. [brian2.devices.cuda_standalone]
.WARNING    Multiple run statements are currently error prone. See #83, #85, #86. [brian2.devices.cuda_standalone]
.WARNING    Multiple run statements are currently error prone. See #83, #85, #86. [brian2.devices.cuda_standalone]
.WARNING    Multiple run statements are currently error prone. See #83, #85, #86. [brian2.devices.cuda_standalone]
.NWARNING    Multiple run statements are currently error prone. See #83, #85, #86. [brian2.devices.cuda_standalone]
.WARNING    Multiple run statements are currently error prone. See #83, #85, #86. [brian2.devices.cuda_standalone]
FWARNING    Multiple run statements are currently error prone. See #83, #85, #86. [brian2.devices.cuda_standalone]
FWARNING    Multiple run statements are currently error prone. See #83, #85, #86. [brian2.devices.cuda_standalone]
INFO: setting cudaDevice stuff took 2.021755 seconds
objects cu num par blocks 3
INFO: _init_arrays() took 0.007842s
INFO: synapses creation took 0.000144s
INFO connectivity matrix has size 1, number of (pre neuron ID, post neuron block) pairs is 3
INFO: synapse statistics and memory usage for synapses_pre:
	number of synapses: 1
	number of bundles: 0
	number of pre/post blocks: 3
	number of synapses over all pre/post blocks:
		mean: 0.3	std: 0.6
	number of unique delays over all pre/post blocks:
		mean: 0.0	std: nan
	bundle size over all bundles:
		mean: 0.0	std: nan

	memory usage: TOTAL: 0.0 MB (~40.0 byte per synapse)
		60.0%	0.000 MB	pointers to synapse IDs [3]
		30.0%	0.000 MB	number of synapses per pre/post block [3]
		10.0%	0.000 MB	synapse IDs [1]
INFO _run_synapses_pre_initialise_queue_kernel
	1 blocks
	2 threads
	56 registers per block
	0 bytes statically-allocated shared memory per block
	16 bytes local memory per thread
	1008 bytes user-allocated constant memory
INFO: synapses_pre initialisation took 0.000s
INFO kernel_neurongroup_thresholder_codeobject
	1 blocks
	1024 threads
	14 registers per block
	0 bytes statically-allocated shared memory per block
	0 bytes local memory per thread
	1008 bytes user-allocated constant memory
	1.000 theoretical occupancy
INFO kernel_synapses_pre_codeobject
	3 blocks
	1024 threads
	24 registers per block
	0 bytes statically-allocated shared memory per block
	8 bytes local memory per thread
	1008 bytes user-allocated constant memory
	1.000 theoretical occupancy
ERROR: cudaMemcpy(thrust::raw_pointer_cast(&dev_dynamic_array_synapses_delay[0]), &_dynamic_array_synapses_delay[0], sizeof(_dynamic_array_synapses_delay[0])*_dynamic_array_synapses_delay.size(), cudaMemcpyHostToDevice) failed at main.cu:187 : invalid argument
terminate called after throwing an instance of 'thrust::system::system_error'
  what():  CUDA free failed: cudaErrorCudartUnloading: driver shutting down
EWARNING    Multiple run statements are currently error prone. See #83, #85, #86. [brian2.devices.cuda_standalone]
INFO: setting cudaDevice stuff took 2.176438 seconds
objects cu num par blocks 3
INFO: _init_arrays() took 0.009343s
INFO: synapses creation took 0.000122s
INFO kernel_synapses_pre_group_variable_set_conditional_codeobject
	1 blocks
	1024 threads
	10 registers per block
	0 bytes statically-allocated shared memory per block
	0 bytes local memory per thread
	1152 bytes user-allocated constant memory
INFO connectivity matrix has size 2, number of (pre neuron ID, post neuron block) pairs is 3
INFO: synapse statistics and memory usage for synapses_pre:
	number of synapses: 2
	number of bundles: 2
	number of pre/post blocks: 3
	number of synapses over all pre/post blocks:
		mean: 0.7	std: 0.6
	number of unique delays over all pre/post blocks:
		mean: 0.7	std: 0.6
	bundle size over all bundles:
		mean: 1.0	std: 0.0

	memory usage: TOTAL: 0.0 MB (~24.0 byte per synapse)
		33.3%	0.000 MB	global bundle ID start [4]
		16.7%	0.000 MB	synapse IDs [2]
		16.7%	0.000 MB	unique delays [2]
		16.7%	0.000 MB	number of synapses per bundle [2]
		16.7%	0.000 MB	synapses bundle offset [2]
INFO _run_synapses_pre_initialise_queue_kernel
	1 blocks
	2 threads
	56 registers per block
	0 bytes statically-allocated shared memory per block
	16 bytes local memory per thread
	1152 bytes user-allocated constant memory
INFO: synapses_pre initialisation took 0.000s
INFO kernel_neurongroup_2_thresholder_codeobject
	1 blocks
	1024 threads
	14 registers per block
	0 bytes statically-allocated shared memory per block
	0 bytes local memory per thread
	1152 bytes user-allocated constant memory
	1.000 theoretical occupancy
INFO _run_synapses_pre_push_spikes_push_kernel
	3 blocks per spiking neuron
	1 threads
	32 registers per block
	0 bytes statically-allocated shared memory per block
	8 bytes local memory per thread
	1152 bytes user-allocated constant memory
	0.016 theoretical occupancy
INFO kernel_synapses_pre_codeobject
	3 blocks
	1024 threads
	24 registers per block
	0 bytes statically-allocated shared memory per block
	8 bytes local memory per thread
	1152 bytes user-allocated constant memory
	1.000 theoretical occupancy
INFO kernel_synapses_pre_group_variable_set_conditional_codeobject_1
	1 blocks
	1024 threads
	10 registers per block
	0 bytes statically-allocated shared memory per block
	0 bytes local memory per thread
	1152 bytes user-allocated constant memory
ERROR: cudaMemcpy(&dev_array_defaultclock_timestep[0], &_array_defaultclock_timestep[0], sizeof(_array_defaultclock_timestep[0]), cudaMemcpyHostToDevice) failed at main.cu:184 : an illegal memory access was encountered
terminate called after throwing an instance of 'thrust::system::system_error'
  what():  CUDA free failed: cudaErrorCudartUnloading: driver shutting down
EWARNING    Multiple run statements are currently error prone. See #83, #85, #86. [brian2.devices.cuda_standalone]
INFO: setting cudaDevice stuff took 1.323385 seconds
objects cu num par blocks 3
INFO: _init_arrays() took 0.007456s
INFO generating 1000 rand every 1 clock cycles for neurongroup_stateupdater_codeobject
INFO kernel_neurongroup_stateupdater_codeobject
	1 blocks
	1024 threads
	14 registers per block
	0 bytes statically-allocated shared memory per block
	0 bytes local memory per thread
	648 bytes user-allocated constant memory
	1.000 theoretical occupancy
INFO generating 2000 rand every 2 clock cycles for neurongroup_stateupdater_codeobject_1
INFO kernel_neurongroup_stateupdater_codeobject_1
	1 blocks
	1024 threads
	14 registers per block
	0 bytes statically-allocated shared memory per block
	0 bytes local memory per thread
	648 bytes user-allocated constant memory
	1.000 theoretical occupancy
INFO: main_lines took 0.079302 seconds
INFO: main function took 1.423392 seconds
.WARNING    Multiple run statements are currently error prone. See #83, #85, #86. [brian2.devices.cuda_standalone]
INFO: setting cudaDevice stuff took 1.350081 seconds
objects cu num par blocks 3
INFO: _init_arrays() took 0.007462s
INFO kernel_neurongroup_group_variable_set_conditional_codeobject
	1 blocks
	1024 threads
	6 registers per block
	0 bytes statically-allocated shared memory per block
	0 bytes local memory per thread
	792 bytes user-allocated constant memory
INFO generating 20 randn every 2 clock cycles for neurongroup_stateupdater_codeobject
INFO kernel_neurongroup_stateupdater_codeobject
	1 blocks
	640 threads
	44 registers per block
	0 bytes statically-allocated shared memory per block
	8 bytes local memory per thread
	792 bytes user-allocated constant memory
	0.625 theoretical occupancy
INFO kernel_neurongroup_group_variable_set_conditional_codeobject_1
	1 blocks
	1024 threads
	6 registers per block
	0 bytes statically-allocated shared memory per block
	0 bytes local memory per thread
	792 bytes user-allocated constant memory
INFO generating 20 randn every 2 clock cycles for neurongroup_stateupdater_codeobject_1
INFO kernel_neurongroup_stateupdater_codeobject_1
	1 blocks
	640 threads
	44 registers per block
	0 bytes statically-allocated shared memory per block
	8 bytes local memory per thread
	792 bytes user-allocated constant memory
	0.625 theoretical occupancy
INFO: main_lines took 0.075121 seconds
INFO: main function took 1.433293 seconds
.WARNING    Multiple run statements are currently error prone. See #83, #85, #86. [brian2.devices.cuda_standalone]
INFO: setting cudaDevice stuff took 1.398675 seconds
objects cu num par blocks 3
INFO: _init_arrays() took 0.008769s
INFO kernel_neurongroup_group_variable_set_conditional_codeobject
	1 blocks
	1024 threads
	6 registers per block
	0 bytes statically-allocated shared memory per block
	0 bytes local memory per thread
	792 bytes user-allocated constant memory
INFO generating 20 randn every 2 clock cycles for neurongroup_stateupdater_codeobject
INFO kernel_neurongroup_stateupdater_codeobject
	1 blocks
	640 threads
	44 registers per block
	0 bytes statically-allocated shared memory per block
	8 bytes local memory per thread
	792 bytes user-allocated constant memory
	0.625 theoretical occupancy
INFO kernel_neurongroup_group_variable_set_conditional_codeobject_1
	1 blocks
	1024 threads
	6 registers per block
	0 bytes statically-allocated shared memory per block
	0 bytes local memory per thread
	792 bytes user-allocated constant memory
INFO generating 20 randn every 2 clock cycles for neurongroup_stateupdater_codeobject_1
INFO kernel_neurongroup_stateupdater_codeobject_1
	1 blocks
	640 threads
	44 registers per block
	0 bytes statically-allocated shared memory per block
	8 bytes local memory per thread
	792 bytes user-allocated constant memory
	0.625 theoretical occupancy
INFO: main_lines took 0.036138 seconds
INFO: main function took 1.444070 seconds
.WARNING    Multiple run statements are currently error prone. See #83, #85, #86. [brian2.devices.cuda_standalone]
INFO: setting cudaDevice stuff took 7.501153 seconds
objects cu num par blocks 3
INFO: _init_arrays() took 0.014834s
INFO: synapses creation took 0.017782s
INFO kernel_synapses_group_variable_set_conditional_codeobject
	1 blocks
	768 threads
	40 registers per block
	0 bytes statically-allocated shared memory per block
	0 bytes local memory per thread
	4896 bytes user-allocated constant memory
INFO kernel_synapses_group_variable_set_conditional_codeobject_1
	1 blocks
	1024 threads
	32 registers per block
	0 bytes statically-allocated shared memory per block
	0 bytes local memory per thread
	4896 bytes user-allocated constant memory
INFO kernel_synapses_group_variable_set_conditional_codeobject_2
	1 blocks
	1024 threads
	32 registers per block
	0 bytes statically-allocated shared memory per block
	0 bytes local memory per thread
	4896 bytes user-allocated constant memory
INFO kernel_synapses_group_variable_set_conditional_codeobject_3
	1 blocks
	768 threads
	40 registers per block
	0 bytes statically-allocated shared memory per block
	0 bytes local memory per thread
	4896 bytes user-allocated constant memory
INFO kernel_neurongroup_group_variable_set_conditional_codeobject
	1 blocks
	1024 threads
	32 registers per block
	0 bytes statically-allocated shared memory per block
	0 bytes local memory per thread
	4896 bytes user-allocated constant memory
INFO kernel_neurongroup_group_variable_set_codeobject
	1 blocks
	768 threads
	40 registers per block
	0 bytes statically-allocated shared memory per block
	0 bytes local memory per thread
	4896 bytes user-allocated constant memory
	0.750 theoretical occupancy
INFO kernel_neurongroup_group_variable_set_conditional_codeobject_1
	1 blocks
	768 threads
	40 registers per block
	0 bytes statically-allocated shared memory per block
	0 bytes local memory per thread
	4896 bytes user-allocated constant memory
INFO kernel_neurongroup_group_variable_set_codeobject_1
	1 blocks
	1024 threads
	32 registers per block
	0 bytes statically-allocated shared memory per block
	0 bytes local memory per thread
	4896 bytes user-allocated constant memory
	1.000 theoretical occupancy
INFO connectivity matrix has size 100, number of (pre neuron ID, post neuron block) pairs is 30
INFO: synapse statistics and memory usage for synapses_pre:
	number of synapses: 100
	number of bundles: 0
	number of pre/post blocks: 30
	number of synapses over all pre/post blocks:
		mean: 3.3	std: 0.5
	number of unique delays over all pre/post blocks:
		mean: 0.0	std: nan
	bundle size over all bundles:
		mean: 0.0	std: nan

	memory usage: TOTAL: 0.0 MB (~7.6 byte per synapse)
		52.6%	0.000 MB	synapse IDs [100]
		31.6%	0.000 MB	pointers to synapse IDs [30]
		15.8%	0.000 MB	number of synapses per pre/post block [30]
INFO _run_synapses_pre_initialise_queue_kernel
	1 blocks
	1 threads
	56 registers per block
	0 bytes statically-allocated shared memory per block
	16 bytes local memory per thread
	4896 bytes user-allocated constant memory
INFO: synapses_pre initialisation took 0.000s
INFO kernel_neurongroup_run_regularly_codeobject
	1 blocks
	768 threads
	40 registers per block
	0 bytes statically-allocated shared memory per block
	0 bytes local memory per thread
	4896 bytes user-allocated constant memory
	0.750 theoretical occupancy
INFO kernel_neurongroup_stateupdater_codeobject
	1 blocks
	640 threads
	48 registers per block
	0 bytes statically-allocated shared memory per block
	0 bytes local memory per thread
	4896 bytes user-allocated constant memory
	0.625 theoretical occupancy
INFO kernel_synapses_stateupdater_codeobject
	1 blocks
	640 threads
	48 registers per block
	0 bytes statically-allocated shared memory per block
	0 bytes local memory per thread
	4896 bytes user-allocated constant memory
	0.625 theoretical occupancy
INFO kernel_neurongroup_thresholder_codeobject
	1 blocks
	1024 threads
	14 registers per block
	0 bytes statically-allocated shared memory per block
	0 bytes local memory per thread
	4896 bytes user-allocated constant memory
	1.000 theoretical occupancy
INFO kernel_synapses_pre_codeobject
	3 blocks
	1024 threads
	25 registers per block
	0 bytes statically-allocated shared memory per block
	8 bytes local memory per thread
	4896 bytes user-allocated constant memory
	1.000 theoretical occupancy
INFO kernel_synapses_group_variable_set_conditional_codeobject_4
	1 blocks
	768 threads
	40 registers per block
	0 bytes statically-allocated shared memory per block
	0 bytes local memory per thread
	4896 bytes user-allocated constant memory
INFO kernel_synapses_group_variable_set_conditional_codeobject_5
	1 blocks
	1024 threads
	32 registers per block
	0 bytes statically-allocated shared memory per block
	0 bytes local memory per thread
	4896 bytes user-allocated constant memory
INFO kernel_synapses_group_variable_set_conditional_codeobject_6
	1 blocks
	1024 threads
	32 registers per block
	0 bytes statically-allocated shared memory per block
	0 bytes local memory per thread
	4896 bytes user-allocated constant memory
INFO kernel_synapses_group_variable_set_conditional_codeobject_7
	1 blocks
	768 threads
	40 registers per block
	0 bytes statically-allocated shared memory per block
	0 bytes local memory per thread
	4896 bytes user-allocated constant memory
INFO kernel_neurongroup_group_variable_set_conditional_codeobject_2
	1 blocks
	1024 threads
	32 registers per block
	0 bytes statically-allocated shared memory per block
	0 bytes local memory per thread
	4896 bytes user-allocated constant memory
INFO kernel_neurongroup_group_variable_set_codeobject_2
	1 blocks
	768 threads
	40 registers per block
	0 bytes statically-allocated shared memory per block
	0 bytes local memory per thread
	4896 bytes user-allocated constant memory
	0.750 theoretical occupancy
INFO kernel_neurongroup_group_variable_set_conditional_codeobject_3
	1 blocks
	768 threads
	40 registers per block
	0 bytes statically-allocated shared memory per block
	0 bytes local memory per thread
	4896 bytes user-allocated constant memory
INFO kernel_neurongroup_group_variable_set_codeobject_3
	1 blocks
	1024 threads
	32 registers per block
	0 bytes statically-allocated shared memory per block
	0 bytes local memory per thread
	4896 bytes user-allocated constant memory
	1.000 theoretical occupancy
INFO connectivity matrix has size 100, number of (pre neuron ID, post neuron block) pairs is 30
INFO: synapse statistics and memory usage for synapses_pre:
	number of synapses: 100
	number of bundles: 0
	number of pre/post blocks: 30
	number of synapses over all pre/post blocks:
		mean: 3.3	std: 0.5
	number of unique delays over all pre/post blocks:
		mean: 0.0	std: nan
	bundle size over all bundles:
		mean: 0.0	std: nan

	memory usage: TOTAL: 0.0 MB (~15.2 byte per synapse)
		26.3%	0.000 MB	synapse IDs [100]
		26.3%	0.000 MB	synapse IDs [100]
		15.8%	0.000 MB	pointers to synapse IDs [30]
		15.8%	0.000 MB	pointers to synapse IDs [30]
		7.9%	0.000 MB	number of synapses per pre/post block [30]
		7.9%	0.000 MB	number of synapses per pre/post block [30]
INFO _run_synapses_pre_initialise_queue_kernel
	1 blocks
	1 threads
	56 registers per block
	0 bytes statically-allocated shared memory per block
	16 bytes local memory per thread
	4896 bytes user-allocated constant memory
INFO: synapses_pre initialisation took 0.000s
INFO kernel_neurongroup_run_regularly_codeobject_1
	1 blocks
	768 threads
	40 registers per block
	0 bytes statically-allocated shared memory per block
	0 bytes local memory per thread
	4896 bytes user-allocated constant memory
	0.750 theoretical occupancy
INFO kernel_neurongroup_stateupdater_codeobject_1
	1 blocks
	640 threads
	48 registers per block
	0 bytes statically-allocated shared memory per block
	0 bytes local memory per thread
	4896 bytes user-allocated constant memory
	0.625 theoretical occupancy
INFO kernel_synapses_stateupdater_codeobject_1
	1 blocks
	640 threads
	48 registers per block
	0 bytes statically-allocated shared memory per block
	0 bytes local memory per thread
	4896 bytes user-allocated constant memory
	0.625 theoretical occupancy
INFO kernel_neurongroup_thresholder_codeobject_1
	1 blocks
	1024 threads
	14 registers per block
	0 bytes statically-allocated shared memory per block
	0 bytes local memory per thread
	4896 bytes user-allocated constant memory
	1.000 theoretical occupancy
INFO kernel_synapses_pre_codeobject_1
	3 blocks
	1024 threads
	25 registers per block
	0 bytes statically-allocated shared memory per block
	8 bytes local memory per thread
	4896 bytes user-allocated constant memory
	1.000 theoretical occupancy
INFO kernel_synapses_group_variable_set_conditional_codeobject_8
	1 blocks
	768 threads
	40 registers per block
	0 bytes statically-allocated shared memory per block
	0 bytes local memory per thread
	4896 bytes user-allocated constant memory
INFO kernel_synapses_group_variable_set_conditional_codeobject_9
	1 blocks
	1024 threads
	32 registers per block
	0 bytes statically-allocated shared memory per block
	0 bytes local memory per thread
	4896 bytes user-allocated constant memory
INFO kernel_synapses_group_variable_set_conditional_codeobject_10
	1 blocks
	1024 threads
	32 registers per block
	0 bytes statically-allocated shared memory per block
	0 bytes local memory per thread
	4896 bytes user-allocated constant memory
INFO kernel_synapses_group_variable_set_conditional_codeobject_11
	1 blocks
	768 threads
	40 registers per block
	0 bytes statically-allocated shared memory per block
	0 bytes local memory per thread
	4896 bytes user-allocated constant memory
INFO kernel_neurongroup_group_variable_set_conditional_codeobject_4
	1 blocks
	1024 threads
	32 registers per block
	0 bytes statically-allocated shared memory per block
	0 bytes local memory per thread
	4896 bytes user-allocated constant memory
INFO kernel_neurongroup_group_variable_set_codeobject_4
	1 blocks
	768 threads
	40 registers per block
	0 bytes statically-allocated shared memory per block
	0 bytes local memory per thread
	4896 bytes user-allocated constant memory
	0.750 theoretical occupancy
INFO kernel_neurongroup_group_variable_set_conditional_codeobject_5
	1 blocks
	768 threads
	40 registers per block
	0 bytes statically-allocated shared memory per block
	0 bytes local memory per thread
	4896 bytes user-allocated constant memory
INFO kernel_neurongroup_group_variable_set_codeobject_5
	1 blocks
	1024 threads
	32 registers per block
	0 bytes statically-allocated shared memory per block
	0 bytes local memory per thread
	4896 bytes user-allocated constant memory
	1.000 theoretical occupancy
INFO connectivity matrix has size 100, number of (pre neuron ID, post neuron block) pairs is 30
INFO: synapse statistics and memory usage for synapses_pre:
	number of synapses: 100
	number of bundles: 0
	number of pre/post blocks: 30
	number of synapses over all pre/post blocks:
		mean: 3.3	std: 0.5
	number of unique delays over all pre/post blocks:
		mean: 0.0	std: nan
	bundle size over all bundles:
		mean: 0.0	std: nan

	memory usage: TOTAL: 0.0 MB (~22.8 byte per synapse)
		17.5%	0.000 MB	synapse IDs [100]
		17.5%	0.000 MB	synapse IDs [100]
		17.5%	0.000 MB	synapse IDs [100]
		10.5%	0.000 MB	pointers to synapse IDs [30]
		10.5%	0.000 MB	pointers to synapse IDs [30]
		10.5%	0.000 MB	pointers to synapse IDs [30]
		5.3%	0.000 MB	number of synapses per pre/post block [30]
		5.3%	0.000 MB	number of synapses per pre/post block [30]
		5.3%	0.000 MB	number of synapses per pre/post block [30]
INFO _run_synapses_pre_initialise_queue_kernel
	1 blocks
	1 threads
	56 registers per block
	0 bytes statically-allocated shared memory per block
	16 bytes local memory per thread
	4896 bytes user-allocated constant memory
INFO: synapses_pre initialisation took 0.000s
INFO kernel_neurongroup_run_regularly_codeobject_2
	1 blocks
	768 threads
	40 registers per block
	0 bytes statically-allocated shared memory per block
	0 bytes local memory per thread
	4896 bytes user-allocated constant memory
	0.750 theoretical occupancy
INFO kernel_neurongroup_stateupdater_codeobject_2
	1 blocks
	640 threads
	48 registers per block
	0 bytes statically-allocated shared memory per block
	0 bytes local memory per thread
	4896 bytes user-allocated constant memory
	0.625 theoretical occupancy
INFO kernel_synapses_stateupdater_codeobject_2
	1 blocks
	640 threads
	48 registers per block
	0 bytes statically-allocated shared memory per block
	0 bytes local memory per thread
	4896 bytes user-allocated constant memory
	0.625 theoretical occupancy
INFO kernel_neurongroup_thresholder_codeobject_2
	1 blocks
	1024 threads
	14 registers per block
	0 bytes statically-allocated shared memory per block
	0 bytes local memory per thread
	4896 bytes user-allocated constant memory
	1.000 theoretical occupancy
INFO kernel_synapses_pre_codeobject_2
	3 blocks
	1024 threads
	25 registers per block
	0 bytes statically-allocated shared memory per block
	8 bytes local memory per thread
	4896 bytes user-allocated constant memory
	1.000 theoretical occupancy
INFO kernel_synapses_group_variable_set_conditional_codeobject_12
	1 blocks
	768 threads
	40 registers per block
	0 bytes statically-allocated shared memory per block
	0 bytes local memory per thread
	4896 bytes user-allocated constant memory
INFO kernel_synapses_group_variable_set_conditional_codeobject_13
	1 blocks
	1024 threads
	32 registers per block
	0 bytes statically-allocated shared memory per block
	0 bytes local memory per thread
	4896 bytes user-allocated constant memory
INFO kernel_synapses_group_variable_set_conditional_codeobject_14
	1 blocks
	1024 threads
	32 registers per block
	0 bytes statically-allocated shared memory per block
	0 bytes local memory per thread
	4896 bytes user-allocated constant memory
INFO kernel_synapses_group_variable_set_conditional_codeobject_15
	1 blocks
	768 threads
	40 registers per block
	0 bytes statically-allocated shared memory per block
	0 bytes local memory per thread
	4896 bytes user-allocated constant memory
INFO kernel_neurongroup_group_variable_set_conditional_codeobject_6
	1 blocks
	1024 threads
	32 registers per block
	0 bytes statically-allocated shared memory per block
	0 bytes local memory per thread
	4896 bytes user-allocated constant memory
INFO kernel_neurongroup_group_variable_set_codeobject_6
	1 blocks
	768 threads
	40 registers per block
	0 bytes statically-allocated shared memory per block
	0 bytes local memory per thread
	4896 bytes user-allocated constant memory
	0.750 theoretical occupancy
INFO kernel_neurongroup_group_variable_set_conditional_codeobject_7
	1 blocks
	768 threads
	40 registers per block
	0 bytes statically-allocated shared memory per block
	0 bytes local memory per thread
	4896 bytes user-allocated constant memory
INFO kernel_neurongroup_group_variable_set_codeobject_7
	1 blocks
	1024 threads
	32 registers per block
	0 bytes statically-allocated shared memory per block
	0 bytes local memory per thread
	4896 bytes user-allocated constant memory
	1.000 theoretical occupancy
INFO connectivity matrix has size 100, number of (pre neuron ID, post neuron block) pairs is 30
INFO: synapse statistics and memory usage for synapses_pre:
	number of synapses: 100
	number of bundles: 0
	number of pre/post blocks: 30
	number of synapses over all pre/post blocks:
		mean: 3.3	std: 0.5
	number of unique delays over all pre/post blocks:
		mean: 0.0	std: nan
	bundle size over all bundles:
		mean: 0.0	std: nan

	memory usage: TOTAL: 0.0 MB (~30.4 byte per synapse)
		13.2%	0.000 MB	synapse IDs [100]
		13.2%	0.000 MB	synapse IDs [100]
		13.2%	0.000 MB	synapse IDs [100]
		13.2%	0.000 MB	synapse IDs [100]
		7.9%	0.000 MB	pointers to synapse IDs [30]
		7.9%	0.000 MB	pointers to synapse IDs [30]
		7.9%	0.000 MB	pointers to synapse IDs [30]
		7.9%	0.000 MB	pointers to synapse IDs [30]
		3.9%	0.000 MB	number of synapses per pre/post block [30]
		3.9%	0.000 MB	number of synapses per pre/post block [30]
		3.9%	0.000 MB	number of synapses per pre/post block [30]
		3.9%	0.000 MB	number of synapses per pre/post block [30]
INFO _run_synapses_pre_initialise_queue_kernel
	1 blocks
	1 threads
	56 registers per block
	0 bytes statically-allocated shared memory per block
	16 bytes local memory per thread
	4896 bytes user-allocated constant memory
INFO: synapses_pre initialisation took 0.000s
INFO kernel_neurongroup_run_regularly_codeobject_3
	1 blocks
	768 threads
	40 registers per block
	0 bytes statically-allocated shared memory per block
	0 bytes local memory per thread
	4896 bytes user-allocated constant memory
	0.750 theoretical occupancy
INFO kernel_neurongroup_stateupdater_codeobject_3
	1 blocks
	640 threads
	48 registers per block
	0 bytes statically-allocated shared memory per block
	0 bytes local memory per thread
	4896 bytes user-allocated constant memory
	0.625 theoretical occupancy
INFO kernel_synapses_stateupdater_codeobject_3
	1 blocks
	640 threads
	48 registers per block
	0 bytes statically-allocated shared memory per block
	0 bytes local memory per thread
	4896 bytes user-allocated constant memory
	0.625 theoretical occupancy
INFO kernel_neurongroup_thresholder_codeobject_3
	1 blocks
	1024 threads
	14 registers per block
	0 bytes statically-allocated shared memory per block
	0 bytes local memory per thread
	4896 bytes user-allocated constant memory
	1.000 theoretical occupancy
INFO kernel_synapses_pre_codeobject_3
	3 blocks
	1024 threads
	25 registers per block
	0 bytes statically-allocated shared memory per block
	8 bytes local memory per thread
	4896 bytes user-allocated constant memory
	1.000 theoretical occupancy
Number of synapses: 100
Number of synapses: 100
Number of synapses: 100
Number of synapses: 100
INFO: main_lines took 0.049680 seconds
INFO: main function took 7.569759 seconds
.WARNING    Multiple run statements are currently error prone. See #83, #85, #86. [brian2.devices.cuda_standalone]
INFO: setting cudaDevice stuff took 2.119548 seconds
objects cu num par blocks 3
INFO: _init_arrays() took 0.007504s
INFO: synapses creation took 0.000321s
INFO generating 200 randn every 2 clock cycles for synapses_stateupdater_codeobject
INFO kernel_synapses_stateupdater_codeobject
	1 blocks
	640 threads
	44 registers per block
	0 bytes statically-allocated shared memory per block
	8 bytes local memory per thread
	1008 bytes user-allocated constant memory
	0.625 theoretical occupancy
INFO generating 200 randn every 2 clock cycles for synapses_stateupdater_codeobject_1
INFO kernel_synapses_stateupdater_codeobject_1
	1 blocks
	640 threads
	44 registers per block
	0 bytes statically-allocated shared memory per block
	8 bytes local memory per thread
	1008 bytes user-allocated constant memory
	0.625 theoretical occupancy
INFO generating 200 randn every 2 clock cycles for synapses_stateupdater_codeobject_2
INFO kernel_synapses_stateupdater_codeobject_2
	1 blocks
	640 threads
	44 registers per block
	0 bytes statically-allocated shared memory per block
	8 bytes local memory per thread
	1008 bytes user-allocated constant memory
	0.625 theoretical occupancy
INFO generating 200 randn every 2 clock cycles for synapses_stateupdater_codeobject_3
INFO kernel_synapses_stateupdater_codeobject_3
	1 blocks
	640 threads
	44 registers per block
	0 bytes statically-allocated shared memory per block
	8 bytes local memory per thread
	1008 bytes user-allocated constant memory
	0.625 theoretical occupancy
INFO: main_lines took 0.082785 seconds
INFO: main function took 2.211687 seconds
.WARNING    Multiple run statements are currently error prone. See #83, #85, #86. [brian2.devices.cuda_standalone]
INFO: setting cudaDevice stuff took 1.964209 seconds
objects cu num par blocks 3
INFO: _init_arrays() took 0.008261s
INFO generating 20 randn every 2 clock cycles for neurongroup_stateupdater_codeobject
INFO kernel_neurongroup_stateupdater_codeobject
	1 blocks
	640 threads
	44 registers per block
	0 bytes statically-allocated shared memory per block
	8 bytes local memory per thread
	936 bytes user-allocated constant memory
	0.625 theoretical occupancy
INFO generating 20 randn every 2 clock cycles for neurongroup_stateupdater_codeobject_1
INFO kernel_neurongroup_stateupdater_codeobject_1
	1 blocks
	640 threads
	44 registers per block
	0 bytes statically-allocated shared memory per block
	8 bytes local memory per thread
	936 bytes user-allocated constant memory
	0.625 theoretical occupancy
INFO generating 20 randn every 2 clock cycles for neurongroup_stateupdater_codeobject_2
INFO kernel_neurongroup_stateupdater_codeobject_2
	1 blocks
	640 threads
	44 registers per block
	0 bytes statically-allocated shared memory per block
	8 bytes local memory per thread
	936 bytes user-allocated constant memory
	0.625 theoretical occupancy
INFO generating 20 randn every 2 clock cycles for neurongroup_stateupdater_codeobject_3
INFO kernel_neurongroup_stateupdater_codeobject_3
	1 blocks
	640 threads
	44 registers per block
	0 bytes statically-allocated shared memory per block
	8 bytes local memory per thread
	936 bytes user-allocated constant memory
	0.625 theoretical occupancy
INFO: main_lines took 0.071796 seconds
INFO: main function took 2.044818 seconds
.WARNING    Multiple run statements are currently error prone. See #83, #85, #86. [brian2.devices.cuda_standalone]
INFO: setting cudaDevice stuff took 2.247687 seconds
objects cu num par blocks 3
INFO: _init_arrays() took 0.007394s
INFO: synapses creation took 0.000324s
INFO generating 200 randn every 2 clock cycles for synapses_stateupdater_codeobject
INFO kernel_synapses_stateupdater_codeobject
	1 blocks
	640 threads
	44 registers per block
	0 bytes statically-allocated shared memory per block
	8 bytes local memory per thread
	1008 bytes user-allocated constant memory
	0.625 theoretical occupancy
INFO generating 200 randn every 2 clock cycles for synapses_stateupdater_codeobject_1
INFO kernel_synapses_stateupdater_codeobject_1
	1 blocks
	640 threads
	44 registers per block
	0 bytes statically-allocated shared memory per block
	8 bytes local memory per thread
	1008 bytes user-allocated constant memory
	0.625 theoretical occupancy
INFO generating 200 randn every 2 clock cycles for synapses_stateupdater_codeobject_2
INFO kernel_synapses_stateupdater_codeobject_2
	1 blocks
	640 threads
	44 registers per block
	0 bytes statically-allocated shared memory per block
	8 bytes local memory per thread
	1008 bytes user-allocated constant memory
	0.625 theoretical occupancy
INFO generating 200 randn every 2 clock cycles for synapses_stateupdater_codeobject_3
INFO kernel_synapses_stateupdater_codeobject_3
	1 blocks
	640 threads
	44 registers per block
	0 bytes statically-allocated shared memory per block
	8 bytes local memory per thread
	1008 bytes user-allocated constant memory
	0.625 theoretical occupancy
INFO: main_lines took 0.084851 seconds
INFO: main function took 2.341689 seconds
.
======================================================================
ERROR: brian2cuda.tests.test_network_multiple_runs.test_changing_delay_scalar
----------------------------------------------------------------------
Traceback (most recent call last):
  File "/home/denis/.conda/envs/b2c/lib/python2.7/site-packages/nose/case.py", line 197, in runTest
    self.test(*self.arg)
  File "/home/denis/tubcloud/home/projects/brian2cuda/brian2cuda_repository/brian2cuda/tests/test_network_multiple_runs.py", line 29, in test_changing_delay_scalar
    device.build(direct_call=False, **device.build_options)
  File "/home/denis/tubcloud/home/projects/brian2cuda/brian2cuda_repository/brian2cuda/device.py", line 1026, in build
    self.run(directory, with_output, run_args)
  File "/home/denis/tubcloud/home/projects/brian2cuda/brian2cuda_repository/frozen_repos/brian2/brian2/devices/cpp_standalone/device.py", line 1000, in run
    "%s)" % os.path.abspath(directory))
RuntimeError: Project run failed (project directory: /tmp/tmpHtVWXy)
-------------------- >> begin captured stdout << ---------------------
('debug syn effect mode ', 'target')
('debug syn effect mode ', 'target')

--------------------- >> end captured stdout << ----------------------

======================================================================
ERROR: brian2cuda.tests.test_network_multiple_runs.test_changing_delay_heterogeneous
----------------------------------------------------------------------
Traceback (most recent call last):
  File "/home/denis/.conda/envs/b2c/lib/python2.7/site-packages/nose/case.py", line 197, in runTest
    self.test(*self.arg)
  File "/home/denis/tubcloud/home/projects/brian2cuda/brian2cuda_repository/brian2cuda/tests/test_network_multiple_runs.py", line 52, in test_changing_delay_heterogeneous
    device.build(direct_call=False, **device.build_options)
  File "/home/denis/tubcloud/home/projects/brian2cuda/brian2cuda_repository/brian2cuda/device.py", line 1026, in build
    self.run(directory, with_output, run_args)
  File "/home/denis/tubcloud/home/projects/brian2cuda/brian2cuda_repository/frozen_repos/brian2/brian2/devices/cpp_standalone/device.py", line 1000, in run
    "%s)" % os.path.abspath(directory))
RuntimeError: Project run failed (project directory: /tmp/tmpCNR30K)
-------------------- >> begin captured stdout << ---------------------
('debug syn effect mode ', 'target')
('debug syn effect mode ', 'target')

--------------------- >> end captured stdout << ----------------------

======================================================================
FAIL: brian2.tests.test_spikegenerator.test_spikegenerator_change_spikes
----------------------------------------------------------------------
Traceback (most recent call last):
  File "/home/denis/.conda/envs/b2c/lib/python2.7/site-packages/nose/case.py", line 197, in runTest
    self.test(*self.arg)
  File "/home/denis/tubcloud/home/projects/brian2cuda/brian2cuda_repository/frozen_repos/brian2/brian2/tests/test_spikegenerator.py", line 153, in test_spikegenerator_change_spikes
    _compare_spikes(5, indices1, times1, s_mon, 0*ms, 5*ms)
  File "/home/denis/tubcloud/home/projects/brian2cuda/brian2cuda_repository/frozen_repos/brian2/brian2/tests/test_spikegenerator.py", line 129, in _compare_spikes
    assert_allclose(generator_spikes, recorded_spikes)
  File "/home/denis/tubcloud/home/projects/brian2cuda/brian2cuda_repository/frozen_repos/brian2/brian2/tests/utils.py", line 30, in assert_allclose
    numpy_allclose(np.asarray(actual), np.asarray(desired), rtol=rtol, atol=atol, **kwds)
  File "/home/denis/.conda/envs/b2c/lib/python2.7/site-packages/numpy/testing/_private/utils.py", line 1493, in assert_allclose
    verbose=verbose, header=header, equal_nan=equal_nan)
  File "/home/denis/.conda/envs/b2c/lib/python2.7/site-packages/numpy/testing/_private/utils.py", line 752, in assert_array_compare
    raise AssertionError(msg)
AssertionError: 
Not equal to tolerance rtol=9.99201e-08, atol=0

(shapes (3, 2), (0,) mismatch)
 x: array([[1.   , 0.002],
       [1.   , 0.003],
       [1.   , 0.004]])
 y: array([], dtype=float64)

======================================================================
FAIL: Basic test for `SpikeGeneratorGroup`.
----------------------------------------------------------------------
Traceback (most recent call last):
  File "/home/denis/.conda/envs/b2c/lib/python2.7/site-packages/nose/case.py", line 197, in runTest
    self.test(*self.arg)
  File "/home/denis/tubcloud/home/projects/brian2cuda/brian2cuda_repository/frozen_repos/brian2/brian2/tests/test_spikegenerator.py", line 179, in test_spikegenerator_change_period
    s_mon, 0*ms, 10*ms)
  File "/home/denis/tubcloud/home/projects/brian2cuda/brian2cuda_repository/frozen_repos/brian2/brian2/tests/test_spikegenerator.py", line 129, in _compare_spikes
    assert_allclose(generator_spikes, recorded_spikes)
  File "/home/denis/tubcloud/home/projects/brian2cuda/brian2cuda_repository/frozen_repos/brian2/brian2/tests/utils.py", line 30, in assert_allclose
    numpy_allclose(np.asarray(actual), np.asarray(desired), rtol=rtol, atol=atol, **kwds)
  File "/home/denis/.conda/envs/b2c/lib/python2.7/site-packages/numpy/testing/_private/utils.py", line 1493, in assert_allclose
    verbose=verbose, header=header, equal_nan=equal_nan)
  File "/home/denis/.conda/envs/b2c/lib/python2.7/site-packages/numpy/testing/_private/utils.py", line 752, in assert_array_compare
    raise AssertionError(msg)
AssertionError: 
Not equal to tolerance rtol=9.99201e-08, atol=0

(shapes (6, 2), (3, 2) mismatch)
 x: array([[1.   , 0.002],
       [1.   , 0.003],
       [1.   , 0.004],...
 y: array([[1.   , 0.002],
       [1.   , 0.003],
       [1.   , 0.004]])

----------------------------------------------------------------------
Ran 20 tests in 285.153s

FAILED (NOT_IMPLEMENTED=1, errors=2, failures=2)
Running standalone-specific tests
..WARNING    Detected code statement with default function and 32bit or 64bit integer type in the same line and the preference for default_functions_integral_convertion is 'float32'. Using 32bit or 64bit integer types as default function arguments is not type safe due to convertion of integer to single-precision floating-point types in device code. (relevant functions: sin, cos, tan, sinh, cosh, tanh, exp, log, log10, sqrt, ceil, floor, arcsin, arccos, arctan)
Detected code statement:
	v = _brian_floor(myarr);
Generated from abstract code statements:
	[v = floor(myarr)]
 [brian2.codegen.generators.cuda_generator]
INFO: setting cudaDevice stuff took 0.970311 seconds
objects cu num par blocks 3
INFO: _init_arrays() took 0.007973s
INFO kernel_neurongroup_group_variable_set_conditional_codeobject
	1 blocks
	1024 threads
	10 registers per block
	0 bytes statically-allocated shared memory per block
	0 bytes local memory per thread
	504 bytes user-allocated constant memory
INFO kernel_neurongroup_1_group_variable_set_conditional_codeobject
	1 blocks
	1024 threads
	10 registers per block
	0 bytes statically-allocated shared memory per block
	0 bytes local memory per thread
	504 bytes user-allocated constant memory
INFO: main_lines took 0.000140 seconds
INFO: main function took 0.978699 seconds
.INFO: setting cudaDevice stuff took 1.555471 seconds
objects cu num par blocks 3
INFO: _init_arrays() took 0.007223s
INFO kernel_neurongroup_group_variable_set_conditional_codeobject
	1 blocks
	576 threads
	51 registers per block
	0 bytes statically-allocated shared memory per block
	48 bytes local memory per thread
	1624 bytes user-allocated constant memory
INFO kernel_neurongroup_1_group_variable_set_conditional_codeobject
	1 blocks
	576 threads
	51 registers per block
	0 bytes statically-allocated shared memory per block
	48 bytes local memory per thread
	1624 bytes user-allocated constant memory
INFO kernel_neurongroup_2_group_variable_set_conditional_codeobject
	1 blocks
	576 threads
	51 registers per block
	0 bytes statically-allocated shared memory per block
	48 bytes local memory per thread
	1624 bytes user-allocated constant memory
INFO kernel_neurongroup_3_group_variable_set_conditional_codeobject
	1 blocks
	1024 threads
	16 registers per block
	0 bytes statically-allocated shared memory per block
	0 bytes local memory per thread
	1624 bytes user-allocated constant memory
INFO kernel_neurongroup_4_group_variable_set_conditional_codeobject
	1 blocks
	1024 threads
	10 registers per block
	0 bytes statically-allocated shared memory per block
	0 bytes local memory per thread
	1624 bytes user-allocated constant memory
INFO kernel_neurongroup_5_group_variable_set_conditional_codeobject
	1 blocks
	1024 threads
	10 registers per block
	0 bytes statically-allocated shared memory per block
	0 bytes local memory per thread
	1624 bytes user-allocated constant memory
INFO kernel_neurongroup_6_group_variable_set_conditional_codeobject
	1 blocks
	1024 threads
	18 registers per block
	0 bytes statically-allocated shared memory per block
	0 bytes local memory per thread
	1624 bytes user-allocated constant memory
INFO kernel_neurongroup_7_group_variable_set_conditional_codeobject
	1 blocks
	1024 threads
	18 registers per block
	0 bytes statically-allocated shared memory per block
	0 bytes local memory per thread
	1624 bytes user-allocated constant memory
INFO: main_lines took 0.000354 seconds
INFO: main function took 1.563741 seconds
.INFO: setting cudaDevice stuff took 1.506217 seconds
objects cu num par blocks 3
INFO: _init_arrays() took 0.007663s
INFO: syn creation took 2.79854s
INFO connectivity matrix has size 1000000, number of (pre neuron ID, post neuron block) pairs is 3000
INFO: synapse statistics and memory usage for syn_pre:
	number of synapses: 1000000
	number of bundles: 0
	number of pre/post blocks: 3000
	number of synapses over all pre/post blocks:
		mean: 333.3	std: 0.5
	number of unique delays over all pre/post blocks:
		mean: 0.0	std: nan
	bundle size over all bundles:
		mean: 0.0	std: nan

	memory usage: TOTAL: 3.8 MB (~4.0 byte per synapse)
		99.1%	3.815 MB	synapse IDs [1000000]
		0.6%	0.023 MB	pointers to synapse IDs [3000]
		0.3%	0.011 MB	number of synapses per pre/post block [3000]
INFO _run_syn_pre_initialise_queue_kernel
	1 blocks
	1 threads
	56 registers per block
	0 bytes statically-allocated shared memory per block
	16 bytes local memory per thread
	720 bytes user-allocated constant memory
INFO: syn_pre initialisation took 1.187s
INFO kernel_src_thresholder_codeobject
	1 blocks
	1024 threads
	14 registers per block
	0 bytes statically-allocated shared memory per block
	0 bytes local memory per thread
	720 bytes user-allocated constant memory
	1.000 theoretical occupancy
INFO kernel_syn_pre_codeobject
	3 blocks
	1024 threads
	24 registers per block
	0 bytes statically-allocated shared memory per block
	8 bytes local memory per thread
	720 bytes user-allocated constant memory
	1.000 theoretical occupancy
Number of synapses: 1000000
INFO: main_lines took 4.115690 seconds
INFO: main function took 5.651826 seconds
INFO: setting cudaDevice stuff took 1.821911 seconds
objects cu num par blocks 3
INFO: _init_arrays() took 0.00748s
INFO: syn creation took 2.83277s
INFO connectivity matrix has size 1000000, number of (pre neuron ID, post neuron block) pairs is 3000
INFO: synapse statistics and memory usage for syn_pre:
	number of synapses: 1000000
	number of bundles: 0
	number of pre/post blocks: 3000
	number of synapses over all pre/post blocks:
		mean: 333.3	std: 0.5
	number of unique delays over all pre/post blocks:
		mean: 0.0	std: nan
	bundle size over all bundles:
		mean: 0.0	std: nan

	memory usage: TOTAL: 3.8 MB (~4.0 byte per synapse)
		99.1%	3.815 MB	synapse IDs [1000000]
		0.6%	0.023 MB	pointers to synapse IDs [3000]
		0.3%	0.011 MB	number of synapses per pre/post block [3000]
INFO _run_syn_pre_initialise_queue_kernel
	1 blocks
	1 threads
	56 registers per block
	0 bytes statically-allocated shared memory per block
	16 bytes local memory per thread
	720 bytes user-allocated constant memory
INFO: syn_pre initialisation took 1.298s
INFO kernel_src_thresholder_1_codeobject
	1 blocks
	1024 threads
	14 registers per block
	0 bytes statically-allocated shared memory per block
	0 bytes local memory per thread
	720 bytes user-allocated constant memory
	1.000 theoretical occupancy
INFO kernel_syn_pre_codeobject_1
	3 blocks
	1024 threads
	24 registers per block
	0 bytes statically-allocated shared memory per block
	8 bytes local memory per thread
	720 bytes user-allocated constant memory
	1.000 theoretical occupancy
Number of synapses: 1000000
INFO: main_lines took 4.265525 seconds
INFO: main function took 6.116750 seconds
FWARNING    Multiple run statements are currently error prone. See #83, #85, #86. [brian2.devices.cuda_standalone]
..
======================================================================
FAIL: brian2cuda.tests.test_cuda_generator.test_atomics_parallelisation
----------------------------------------------------------------------
Traceback (most recent call last):
  File "/home/denis/.conda/envs/b2c/lib/python2.7/site-packages/nose/case.py", line 197, in runTest
    self.test(*self.arg)
  File "/home/denis/tubcloud/home/projects/brian2cuda/brian2cuda_repository/brian2cuda/tests/test_cuda_generator.py", line 550, in test_atomics_parallelisation
    rtol=1e-5)
  File "/home/denis/tubcloud/home/projects/brian2cuda/brian2cuda_repository/frozen_repos/brian2/brian2/tests/utils.py", line 30, in assert_allclose
    numpy_allclose(np.asarray(actual), np.asarray(desired), rtol=rtol, atol=atol, **kwds)
  File "/home/denis/.conda/envs/b2c/lib/python2.7/site-packages/numpy/testing/_private/utils.py", line 1493, in assert_allclose
    verbose=verbose, header=header, equal_nan=equal_nan)
  File "/home/denis/.conda/envs/b2c/lib/python2.7/site-packages/numpy/testing/_private/utils.py", line 819, in assert_array_compare
    raise AssertionError(msg)
AssertionError: 
Not equal to tolerance rtol=2.22045e-21, atol=0
0: v_post += w_syn
Mismatch: 86.5%
Max absolute difference: 5.91171556e-12
Max relative difference: 2.4943661e-15
 x: array([2489.035873, 2461.018328, 2440.155078, 2476.529115, 2455.54045 ,
       2564.843575, 2477.889653, 2408.267557, 2513.034602, 2570.841807,
       2561.08389 , 2481.909507, 2474.464789, 2629.567681, 2565.47629 ,...
 y: array([2489.035873, 2461.018328, 2440.155078, 2476.529115, 2455.54045 ,
       2564.843575, 2477.889653, 2408.267557, 2513.034602, 2570.841807,
       2561.08389 , 2481.909507, 2474.464789, 2629.567681, 2565.47629 ,...
-------------------- >> begin captured stdout << ---------------------
('debug syn effect mode ', 'target')
('debug syn effect mode ', 'target')

--------------------- >> end captured stdout << ----------------------

----------------------------------------------------------------------
Ran 7 tests in 132.189s

FAILED (failures=1)
ERROR: 3/3 test suite(s) did not complete successfully (see above).
WARNING: clusterbot not installed. Can't notify slack.
2020-08-18 11:43:57  Turning off  compiler optimizations for fast compilation
                     Suppressing compiler warnings
                     Running with the following prefs combinations:

                     1 run with default preferences
                     

2020-08-18 12:46:47  
TARGET: CUDA_STANDALONE
2020-08-18 12:46:47  
FINISHED ALL RUNS

                     1/1 CONFIGURATIONS FAILED:
                     	1. run
                     		default preferences
Test suite took 1 h 2 m 53 s.
